[0.455s] DEBUG:colcon:Command line arguments: ['/usr/bin/colcon', 'build', '--packages-select', 'tele_op']
[0.455s] DEBUG:colcon:Parsed command line arguments: Namespace(log_base=None, log_level=None, verb_name='build', build_base='build', install_base='install', merge_install=False, symlink_install=False, test_result_base=None, continue_on_error=False, executor='parallel', parallel_workers=4, event_handlers=None, ignore_user_meta=False, metas=['./colcon.meta'], base_paths=['.'], packages_ignore=None, packages_ignore_regex=None, paths=None, packages_up_to=None, packages_up_to_regex=None, packages_above=None, packages_above_and_dependencies=None, packages_above_depth=None, packages_select_by_dep=None, packages_skip_by_dep=None, packages_skip_up_to=None, packages_select_build_failed=False, packages_skip_build_finished=False, packages_select_test_failures=False, packages_skip_test_passed=False, packages_select=['tele_op'], packages_skip=None, packages_select_regex=None, packages_skip_regex=None, packages_start=None, packages_end=None, allow_overriding=[], cmake_args=None, cmake_target=None, cmake_target_skip_unavailable=False, cmake_clean_cache=False, cmake_clean_first=False, cmake_force_configure=False, ament_cmake_args=None, catkin_cmake_args=None, catkin_skip_building_tests=False, verb_parser=<colcon_defaults.argument_parser.defaults.DefaultArgumentsDecorator object at 0x7f062345e440>, verb_extension=<colcon_core.verb.build.BuildVerb object at 0x7f0623d80760>, main=<bound method BuildVerb.main of <colcon_core.verb.build.BuildVerb object at 0x7f0623d80760>>)
[0.487s] Level 1:colcon.colcon_core.package_discovery:discover_packages(colcon_meta) check parameters
[0.487s] Level 1:colcon.colcon_core.package_discovery:discover_packages(recursive) check parameters
[0.487s] Level 1:colcon.colcon_core.package_discovery:discover_packages(ignore) check parameters
[0.487s] Level 1:colcon.colcon_core.package_discovery:discover_packages(path) check parameters
[0.487s] Level 1:colcon.colcon_core.package_discovery:discover_packages(colcon_meta) discover
[0.488s] Level 1:colcon.colcon_core.package_discovery:discover_packages(recursive) discover
[0.488s] INFO:colcon.colcon_core.package_discovery:Crawling recursively for packages in '/home/nippun/ros2_ws'
[0.488s] Level 1:colcon.colcon_core.package_identification:_identify(.) by extensions ['ignore', 'ignore_ament_install']
[0.488s] Level 1:colcon.colcon_core.package_identification:_identify(.) by extension 'ignore'
[0.488s] Level 1:colcon.colcon_core.package_identification:_identify(.) by extension 'ignore_ament_install'
[0.488s] Level 1:colcon.colcon_core.package_identification:_identify(.) by extensions ['colcon_pkg']
[0.488s] Level 1:colcon.colcon_core.package_identification:_identify(.) by extension 'colcon_pkg'
[0.488s] Level 1:colcon.colcon_core.package_identification:_identify(.) by extensions ['colcon_meta']
[0.488s] Level 1:colcon.colcon_core.package_identification:_identify(.) by extension 'colcon_meta'
[0.488s] Level 1:colcon.colcon_core.package_identification:_identify(.) by extensions ['ros']
[0.488s] Level 1:colcon.colcon_core.package_identification:_identify(.) by extension 'ros'
[0.527s] Level 1:colcon.colcon_core.package_identification:_identify(.) by extensions ['cmake', 'python']
[0.527s] Level 1:colcon.colcon_core.package_identification:_identify(.) by extension 'cmake'
[0.527s] Level 1:colcon.colcon_core.package_identification:_identify(.) by extension 'python'
[0.527s] Level 1:colcon.colcon_core.package_identification:_identify(.) by extensions ['python_setup_py']
[0.527s] Level 1:colcon.colcon_core.package_identification:_identify(.) by extension 'python_setup_py'
[0.527s] Level 1:colcon.colcon_core.package_identification:_identify(build) by extensions ['ignore', 'ignore_ament_install']
[0.527s] Level 1:colcon.colcon_core.package_identification:_identify(build) by extension 'ignore'
[0.527s] Level 1:colcon.colcon_core.package_identification:_identify(build) ignored
[0.528s] Level 1:colcon.colcon_core.package_identification:_identify(install) by extensions ['ignore', 'ignore_ament_install']
[0.528s] Level 1:colcon.colcon_core.package_identification:_identify(install) by extension 'ignore'
[0.528s] Level 1:colcon.colcon_core.package_identification:_identify(install) ignored
[0.528s] Level 1:colcon.colcon_core.package_identification:_identify(log) by extensions ['ignore', 'ignore_ament_install']
[0.528s] Level 1:colcon.colcon_core.package_identification:_identify(log) by extension 'ignore'
[0.528s] Level 1:colcon.colcon_core.package_identification:_identify(log) ignored
[0.528s] Level 1:colcon.colcon_core.package_identification:_identify(src) by extensions ['ignore', 'ignore_ament_install']
[0.528s] Level 1:colcon.colcon_core.package_identification:_identify(src) by extension 'ignore'
[0.528s] Level 1:colcon.colcon_core.package_identification:_identify(src) by extension 'ignore_ament_install'
[0.528s] Level 1:colcon.colcon_core.package_identification:_identify(src) by extensions ['colcon_pkg']
[0.528s] Level 1:colcon.colcon_core.package_identification:_identify(src) by extension 'colcon_pkg'
[0.529s] Level 1:colcon.colcon_core.package_identification:_identify(src) by extensions ['colcon_meta']
[0.529s] Level 1:colcon.colcon_core.package_identification:_identify(src) by extension 'colcon_meta'
[0.529s] Level 1:colcon.colcon_core.package_identification:_identify(src) by extensions ['ros']
[0.529s] Level 1:colcon.colcon_core.package_identification:_identify(src) by extension 'ros'
[0.529s] Level 1:colcon.colcon_core.package_identification:_identify(src) by extensions ['cmake', 'python']
[0.529s] Level 1:colcon.colcon_core.package_identification:_identify(src) by extension 'cmake'
[0.529s] Level 1:colcon.colcon_core.package_identification:_identify(src) by extension 'python'
[0.529s] Level 1:colcon.colcon_core.package_identification:_identify(src) by extensions ['python_setup_py']
[0.529s] Level 1:colcon.colcon_core.package_identification:_identify(src) by extension 'python_setup_py'
[0.529s] Level 1:colcon.colcon_core.package_identification:_identify(src/my_first_package) by extensions ['ignore', 'ignore_ament_install']
[0.529s] Level 1:colcon.colcon_core.package_identification:_identify(src/my_first_package) by extension 'ignore'
[0.530s] Level 1:colcon.colcon_core.package_identification:_identify(src/my_first_package) by extension 'ignore_ament_install'
[0.530s] Level 1:colcon.colcon_core.package_identification:_identify(src/my_first_package) by extensions ['colcon_pkg']
[0.530s] Level 1:colcon.colcon_core.package_identification:_identify(src/my_first_package) by extension 'colcon_pkg'
[0.530s] Level 1:colcon.colcon_core.package_identification:_identify(src/my_first_package) by extensions ['colcon_meta']
[0.530s] Level 1:colcon.colcon_core.package_identification:_identify(src/my_first_package) by extension 'colcon_meta'
[0.530s] Level 1:colcon.colcon_core.package_identification:_identify(src/my_first_package) by extensions ['ros']
[0.530s] Level 1:colcon.colcon_core.package_identification:_identify(src/my_first_package) by extension 'ros'
[0.534s] DEBUG:colcon.colcon_core.package_identification:Package 'src/my_first_package' with type 'ros.ament_python' and name 'my_first_package'
[0.534s] Level 1:colcon.colcon_core.package_identification:_identify(src/talker_listner) by extensions ['ignore', 'ignore_ament_install']
[0.534s] Level 1:colcon.colcon_core.package_identification:_identify(src/talker_listner) by extension 'ignore'
[0.534s] Level 1:colcon.colcon_core.package_identification:_identify(src/talker_listner) by extension 'ignore_ament_install'
[0.535s] Level 1:colcon.colcon_core.package_identification:_identify(src/talker_listner) by extensions ['colcon_pkg']
[0.535s] Level 1:colcon.colcon_core.package_identification:_identify(src/talker_listner) by extension 'colcon_pkg'
[0.535s] Level 1:colcon.colcon_core.package_identification:_identify(src/talker_listner) by extensions ['colcon_meta']
[0.535s] Level 1:colcon.colcon_core.package_identification:_identify(src/talker_listner) by extension 'colcon_meta'
[0.535s] Level 1:colcon.colcon_core.package_identification:_identify(src/talker_listner) by extensions ['ros']
[0.535s] Level 1:colcon.colcon_core.package_identification:_identify(src/talker_listner) by extension 'ros'
[0.536s] DEBUG:colcon.colcon_core.package_identification:Package 'src/talker_listner' with type 'ros.ament_python' and name 'talker_listner'
[0.536s] Level 1:colcon.colcon_core.package_identification:_identify(src/tele_op) by extensions ['ignore', 'ignore_ament_install']
[0.536s] Level 1:colcon.colcon_core.package_identification:_identify(src/tele_op) by extension 'ignore'
[0.536s] Level 1:colcon.colcon_core.package_identification:_identify(src/tele_op) by extension 'ignore_ament_install'
[0.536s] Level 1:colcon.colcon_core.package_identification:_identify(src/tele_op) by extensions ['colcon_pkg']
[0.536s] Level 1:colcon.colcon_core.package_identification:_identify(src/tele_op) by extension 'colcon_pkg'
[0.536s] Level 1:colcon.colcon_core.package_identification:_identify(src/tele_op) by extensions ['colcon_meta']
[0.536s] Level 1:colcon.colcon_core.package_identification:_identify(src/tele_op) by extension 'colcon_meta'
[0.536s] Level 1:colcon.colcon_core.package_identification:_identify(src/tele_op) by extensions ['ros']
[0.536s] Level 1:colcon.colcon_core.package_identification:_identify(src/tele_op) by extension 'ros'
[0.537s] DEBUG:colcon.colcon_core.package_identification:Package 'src/tele_op' with type 'ros.ament_python' and name 'tele_op'
[0.537s] Level 1:colcon.colcon_core.package_discovery:discover_packages(recursive) using defaults
[0.537s] Level 1:colcon.colcon_core.package_discovery:discover_packages(ignore) discover
[0.537s] Level 1:colcon.colcon_core.package_discovery:discover_packages(ignore) using defaults
[0.537s] Level 1:colcon.colcon_core.package_discovery:discover_packages(path) discover
[0.537s] Level 1:colcon.colcon_core.package_discovery:discover_packages(path) using defaults
[0.569s] INFO:colcon.colcon_core.package_selection:Skipping not selected package 'my_first_package' in 'src/my_first_package'
[0.569s] INFO:colcon.colcon_core.package_selection:Skipping not selected package 'talker_listner' in 'src/talker_listner'
[0.570s] Level 1:colcon.colcon_core.package_discovery:discover_packages(prefix_path) check parameters
[0.570s] Level 1:colcon.colcon_core.package_discovery:discover_packages(prefix_path) discover
[0.574s] DEBUG:colcon.colcon_installed_package_information.package_discovery:Found 2 installed packages in /home/nippun/ros2_ws/install
[0.577s] DEBUG:colcon.colcon_installed_package_information.package_discovery:Found 279 installed packages in /opt/ros/humble
[0.580s] Level 1:colcon.colcon_core.package_discovery:discover_packages(prefix_path) using defaults
[0.675s] Level 5:colcon.colcon_core.verb:set package 'tele_op' build argument 'cmake_args' from command line to 'None'
[0.675s] Level 5:colcon.colcon_core.verb:set package 'tele_op' build argument 'cmake_target' from command line to 'None'
[0.675s] Level 5:colcon.colcon_core.verb:set package 'tele_op' build argument 'cmake_target_skip_unavailable' from command line to 'False'
[0.676s] Level 5:colcon.colcon_core.verb:set package 'tele_op' build argument 'cmake_clean_cache' from command line to 'False'
[0.676s] Level 5:colcon.colcon_core.verb:set package 'tele_op' build argument 'cmake_clean_first' from command line to 'False'
[0.676s] Level 5:colcon.colcon_core.verb:set package 'tele_op' build argument 'cmake_force_configure' from command line to 'False'
[0.676s] Level 5:colcon.colcon_core.verb:set package 'tele_op' build argument 'ament_cmake_args' from command line to 'None'
[0.676s] Level 5:colcon.colcon_core.verb:set package 'tele_op' build argument 'catkin_cmake_args' from command line to 'None'
[0.676s] Level 5:colcon.colcon_core.verb:set package 'tele_op' build argument 'catkin_skip_building_tests' from command line to 'False'
[0.676s] DEBUG:colcon.colcon_core.verb:Building package 'tele_op' with the following arguments: {'ament_cmake_args': None, 'build_base': '/home/nippun/ros2_ws/build/tele_op', 'catkin_cmake_args': None, 'catkin_skip_building_tests': False, 'cmake_args': None, 'cmake_clean_cache': False, 'cmake_clean_first': False, 'cmake_force_configure': False, 'cmake_target': None, 'cmake_target_skip_unavailable': False, 'install_base': '/home/nippun/ros2_ws/install/tele_op', 'merge_install': False, 'path': '/home/nippun/ros2_ws/src/tele_op', 'symlink_install': False, 'test_result_base': None}
[0.677s] INFO:colcon.colcon_core.executor:Executing jobs using 'parallel' executor
[0.684s] DEBUG:colcon.colcon_parallel_executor.executor.parallel:run_until_complete
[0.684s] INFO:colcon.colcon_ros.task.ament_python.build:Building ROS package in '/home/nippun/ros2_ws/src/tele_op' with build type 'ament_python'
[0.684s] Level 1:colcon.colcon_core.shell:create_environment_hook('tele_op', 'ament_prefix_path')
[0.692s] INFO:colcon.colcon_core.plugin_system:Skipping extension 'colcon_core.shell.bat': Not used on non-Windows systems
[0.692s] INFO:colcon.colcon_core.shell:Creating environment hook '/home/nippun/ros2_ws/install/tele_op/share/tele_op/hook/ament_prefix_path.ps1'
[0.693s] INFO:colcon.colcon_core.shell:Creating environment descriptor '/home/nippun/ros2_ws/install/tele_op/share/tele_op/hook/ament_prefix_path.dsv'
[0.694s] INFO:colcon.colcon_core.shell:Creating environment hook '/home/nippun/ros2_ws/install/tele_op/share/tele_op/hook/ament_prefix_path.sh'
[0.696s] INFO:colcon.colcon_core.shell:Skip shell extension 'powershell' for command environment: Not usable outside of PowerShell
[0.697s] DEBUG:colcon.colcon_core.shell:Skip shell extension 'dsv' for command environment
[1.084s] INFO:colcon.colcon_core.task.python.build:Building Python package in '/home/nippun/ros2_ws/src/tele_op'
[1.088s] INFO:colcon.colcon_core.shell:Skip shell extension 'powershell' for command environment: Not usable outside of PowerShell
[1.088s] DEBUG:colcon.colcon_core.shell:Skip shell extension 'dsv' for command environment
[1.636s] DEBUG:colcon.colcon_core.event_handler.log_command:Invoking command in '/home/nippun/ros2_ws/src/tele_op': PYTHONPATH=/home/nippun/ros2_ws/install/tele_op/lib/python3.10/site-packages:${PYTHONPATH} /usr/bin/python3 setup.py egg_info --egg-base ../../build/tele_op build --build-base /home/nippun/ros2_ws/build/tele_op/build install --prefix /home/nippun/ros2_ws/install/tele_op --record /home/nippun/ros2_ws/build/tele_op/install.log --single-version-externally-managed
[2.082s] DEBUG:colcon.colcon_core.event_handler.log_command:Invoked command in '/home/nippun/ros2_ws/src/tele_op' returned '0': PYTHONPATH=/home/nippun/ros2_ws/install/tele_op/lib/python3.10/site-packages:${PYTHONPATH} /usr/bin/python3 setup.py egg_info --egg-base ../../build/tele_op build --build-base /home/nippun/ros2_ws/build/tele_op/build install --prefix /home/nippun/ros2_ws/install/tele_op --record /home/nippun/ros2_ws/build/tele_op/install.log --single-version-externally-managed
[2.098s] Level 1:colcon.colcon_core.environment:checking '/home/nippun/ros2_ws/install/tele_op' for CMake module files
[2.099s] Level 1:colcon.colcon_core.environment:checking '/home/nippun/ros2_ws/install/tele_op' for CMake config files
[2.101s] Level 1:colcon.colcon_core.environment:checking '/home/nippun/ros2_ws/install/tele_op/lib'
[2.102s] Level 1:colcon.colcon_core.environment:checking '/home/nippun/ros2_ws/install/tele_op/bin'
[2.102s] Level 1:colcon.colcon_core.environment:checking '/home/nippun/ros2_ws/install/tele_op/lib/pkgconfig/tele_op.pc'
[2.103s] Level 1:colcon.colcon_core.environment:checking '/home/nippun/ros2_ws/install/tele_op/lib/python3.10/site-packages'
[2.103s] Level 1:colcon.colcon_core.shell:create_environment_hook('tele_op', 'pythonpath')
[2.108s] INFO:colcon.colcon_core.shell:Creating environment hook '/home/nippun/ros2_ws/install/tele_op/share/tele_op/hook/pythonpath.ps1'
[2.110s] INFO:colcon.colcon_core.shell:Creating environment descriptor '/home/nippun/ros2_ws/install/tele_op/share/tele_op/hook/pythonpath.dsv'
[2.111s] INFO:colcon.colcon_core.shell:Creating environment hook '/home/nippun/ros2_ws/install/tele_op/share/tele_op/hook/pythonpath.sh'
[2.112s] Level 1:colcon.colcon_core.environment:checking '/home/nippun/ros2_ws/install/tele_op/bin'
[2.113s] Level 1:colcon.colcon_core.environment:create_environment_scripts_only(tele_op)
[2.118s] INFO:colcon.colcon_core.shell:Creating package script '/home/nippun/ros2_ws/install/tele_op/share/tele_op/package.ps1'
[2.121s] INFO:colcon.colcon_core.shell:Creating package descriptor '/home/nippun/ros2_ws/install/tele_op/share/tele_op/package.dsv'
[2.123s] INFO:colcon.colcon_core.shell:Creating package script '/home/nippun/ros2_ws/install/tele_op/share/tele_op/package.sh'
[2.126s] INFO:colcon.colcon_core.shell:Creating package script '/home/nippun/ros2_ws/install/tele_op/share/tele_op/package.bash'
[2.130s] INFO:colcon.colcon_core.shell:Creating package script '/home/nippun/ros2_ws/install/tele_op/share/tele_op/package.zsh'
[2.133s] Level 1:colcon.colcon_core.environment:create_file_with_runtime_dependencies(/home/nippun/ros2_ws/install/tele_op/share/colcon-core/packages/tele_op)
[2.134s] DEBUG:colcon.colcon_parallel_executor.executor.parallel:closing loop
[2.135s] DEBUG:colcon.colcon_parallel_executor.executor.parallel:loop closed
[2.135s] DEBUG:colcon.colcon_parallel_executor.executor.parallel:run_until_complete finished with '0'
[2.135s] DEBUG:colcon.colcon_core.event_reactor:joining thread
[2.146s] INFO:colcon.colcon_core.plugin_system:Skipping extension 'colcon_notification.desktop_notification.terminal_notifier': Not used on non-Darwin systems
[2.146s] INFO:colcon.colcon_core.plugin_system:Skipping extension 'colcon_notification.desktop_notification.win32': Not used on non-Windows systems
[2.146s] INFO:colcon.colcon_notification.desktop_notification:Sending desktop notification using 'notify2'
[2.183s] DEBUG:colcon.colcon_core.event_reactor:joined thread
[2.191s] INFO:colcon.colcon_core.shell:Creating prefix script '/home/nippun/ros2_ws/install/local_setup.ps1'
[2.195s] INFO:colcon.colcon_core.shell:Creating prefix util module '/home/nippun/ros2_ws/install/_local_setup_util_ps1.py'
[2.200s] INFO:colcon.colcon_core.shell:Creating prefix chain script '/home/nippun/ros2_ws/install/setup.ps1'
[2.206s] INFO:colcon.colcon_core.shell:Creating prefix script '/home/nippun/ros2_ws/install/local_setup.sh'
[2.208s] INFO:colcon.colcon_core.shell:Creating prefix util module '/home/nippun/ros2_ws/install/_local_setup_util_sh.py'
[2.209s] INFO:colcon.colcon_core.shell:Creating prefix chain script '/home/nippun/ros2_ws/install/setup.sh'
[2.214s] INFO:colcon.colcon_core.shell:Creating prefix script '/home/nippun/ros2_ws/install/local_setup.bash'
[2.216s] INFO:colcon.colcon_core.shell:Creating prefix chain script '/home/nippun/ros2_ws/install/setup.bash'
[2.219s] INFO:colcon.colcon_core.shell:Creating prefix script '/home/nippun/ros2_ws/install/local_setup.zsh'
[2.221s] INFO:colcon.colcon_core.shell:Creating prefix chain script '/home/nippun/ros2_ws/install/setup.zsh'
