[0.935s] Invoking command in '/home/nippun/ros2_ws/src/tele_op': PYTHONPATH=/home/nippun/ros2_ws/install/tele_op/lib/python3.10/site-packages:${PYTHONPATH} /usr/bin/python3 setup.py egg_info --egg-base ../../build/tele_op build --build-base /home/nippun/ros2_ws/build/tele_op/build install --prefix /home/nippun/ros2_ws/install/tele_op --record /home/nippun/ros2_ws/build/tele_op/install.log --single-version-externally-managed
[1.307s] running egg_info
[1.309s] writing ../../build/tele_op/tele_op.egg-info/PKG-INFO
[1.309s] writing dependency_links to ../../build/tele_op/tele_op.egg-info/dependency_links.txt
[1.310s] writing entry points to ../../build/tele_op/tele_op.egg-info/entry_points.txt
[1.310s] writing requirements to ../../build/tele_op/tele_op.egg-info/requires.txt
[1.310s] writing top-level names to ../../build/tele_op/tele_op.egg-info/top_level.txt
[1.312s] reading manifest file '../../build/tele_op/tele_op.egg-info/SOURCES.txt'
[1.314s] writing manifest file '../../build/tele_op/tele_op.egg-info/SOURCES.txt'
[1.314s] running build
[1.314s] running build_py
[1.314s] copying tele_op/key_detect.py -> /home/nippun/ros2_ws/build/tele_op/build/lib/tele_op
[1.315s] running install
[1.315s] /usr/lib/python3/dist-packages/setuptools/command/install.py:34: SetuptoolsDeprecationWarning: setup.py install is deprecated. Use build and pip and other standards-based tools.
[1.315s]   warnings.warn(
[1.315s] running install_lib
[1.317s] copying /home/nippun/ros2_ws/build/tele_op/build/lib/tele_op/key_detect.py -> /home/nippun/ros2_ws/install/tele_op/lib/python3.10/site-packages/tele_op
[1.317s] byte-compiling /home/nippun/ros2_ws/install/tele_op/lib/python3.10/site-packages/tele_op/key_detect.py to key_detect.cpython-310.pyc
[1.318s] running install_data
[1.319s] running install_egg_info
[1.322s] removing '/home/nippun/ros2_ws/install/tele_op/lib/python3.10/site-packages/tele_op-0.0.0-py3.10.egg-info' (and everything under it)
[1.322s] Copying ../../build/tele_op/tele_op.egg-info to /home/nippun/ros2_ws/install/tele_op/lib/python3.10/site-packages/tele_op-0.0.0-py3.10.egg-info
[1.323s] running install_scripts
[1.355s] Installing key_detect script to /home/nippun/ros2_ws/install/tele_op/lib/tele_op
[1.355s] writing list of installed files to '/home/nippun/ros2_ws/build/tele_op/install.log'
[1.393s] Invoked command in '/home/nippun/ros2_ws/src/tele_op' returned '0': PYTHONPATH=/home/nippun/ros2_ws/install/tele_op/lib/python3.10/site-packages:${PYTHONPATH} /usr/bin/python3 setup.py egg_info --egg-base ../../build/tele_op build --build-base /home/nippun/ros2_ws/build/tele_op/build install --prefix /home/nippun/ros2_ws/install/tele_op --record /home/nippun/ros2_ws/build/tele_op/install.log --single-version-externally-managed
