[1.862s] Invoking command in '/home/nippun/ros2_ws/src/my_first_package': PYTHONPATH=/home/nippun/ros2_ws/install/my_first_package/lib/python3.10/site-packages:${PYTHONPATH} /usr/bin/python3 setup.py egg_info --egg-base ../../build/my_first_package build --build-base /home/nippun/ros2_ws/build/my_first_package/build install --prefix /home/nippun/ros2_ws/install/my_first_package --record /home/nippun/ros2_ws/build/my_first_package/install.log --single-version-externally-managed
[2.273s] running egg_info
[2.275s] writing ../../build/my_first_package/my_first_package.egg-info/PKG-INFO
[2.276s] writing dependency_links to ../../build/my_first_package/my_first_package.egg-info/dependency_links.txt
[2.276s] writing entry points to ../../build/my_first_package/my_first_package.egg-info/entry_points.txt
[2.278s] writing requirements to ../../build/my_first_package/my_first_package.egg-info/requires.txt
[2.279s] writing top-level names to ../../build/my_first_package/my_first_package.egg-info/top_level.txt
[2.280s] reading manifest file '../../build/my_first_package/my_first_package.egg-info/SOURCES.txt'
[2.282s] writing manifest file '../../build/my_first_package/my_first_package.egg-info/SOURCES.txt'
[2.283s] running build
[2.283s] running build_py
[2.284s] running install
[2.284s] /usr/lib/python3/dist-packages/setuptools/command/install.py:34: SetuptoolsDeprecationWarning: setup.py install is deprecated. Use build and pip and other standards-based tools.
[2.284s]   warnings.warn(
[2.285s] running install_lib
[2.286s] running install_data
[2.287s] running install_egg_info
[2.290s] removing '/home/nippun/ros2_ws/install/my_first_package/lib/python3.10/site-packages/my_first_package-0.0.0-py3.10.egg-info' (and everything under it)
[2.291s] Copying ../../build/my_first_package/my_first_package.egg-info to /home/nippun/ros2_ws/install/my_first_package/lib/python3.10/site-packages/my_first_package-0.0.0-py3.10.egg-info
[2.292s] running install_scripts
[2.326s] Installing my_node script to /home/nippun/ros2_ws/install/my_first_package/lib/my_first_package
[2.327s] writing list of installed files to '/home/nippun/ros2_ws/build/my_first_package/install.log'
[2.374s] Invoked command in '/home/nippun/ros2_ws/src/my_first_package' returned '0': PYTHONPATH=/home/nippun/ros2_ws/install/my_first_package/lib/python3.10/site-packages:${PYTHONPATH} /usr/bin/python3 setup.py egg_info --egg-base ../../build/my_first_package build --build-base /home/nippun/ros2_ws/build/my_first_package/build install --prefix /home/nippun/ros2_ws/install/my_first_package --record /home/nippun/ros2_ws/build/my_first_package/install.log --single-version-externally-managed
