[0.441s] DEBUG:colcon:Command line arguments: ['/usr/bin/colcon', 'build']
[0.441s] DEBUG:colcon:Parsed command line arguments: Namespace(log_base=None, log_level=None, verb_name='build', build_base='build', install_base='install', merge_install=False, symlink_install=False, test_result_base=None, continue_on_error=False, executor='parallel', parallel_workers=4, event_handlers=None, ignore_user_meta=False, metas=['./colcon.meta'], base_paths=['.'], packages_ignore=None, packages_ignore_regex=None, paths=None, packages_up_to=None, packages_up_to_regex=None, packages_above=None, packages_above_and_dependencies=None, packages_above_depth=None, packages_select_by_dep=None, packages_skip_by_dep=None, packages_skip_up_to=None, packages_select_build_failed=False, packages_skip_build_finished=False, packages_select_test_failures=False, packages_skip_test_passed=False, packages_select=None, packages_skip=None, packages_select_regex=None, packages_skip_regex=None, packages_start=None, packages_end=None, allow_overriding=[], cmake_args=None, cmake_target=None, cmake_target_skip_unavailable=False, cmake_clean_cache=False, cmake_clean_first=False, cmake_force_configure=False, ament_cmake_args=None, catkin_cmake_args=None, catkin_skip_building_tests=False, verb_parser=<colcon_defaults.argument_parser.defaults.DefaultArgumentsDecorator object at 0x7f3157dbdc30>, verb_extension=<colcon_core.verb.build.BuildVerb object at 0x7f31586d7610>, main=<bound method BuildVerb.main of <colcon_core.verb.build.BuildVerb object at 0x7f31586d7610>>)
[0.472s] Level 1:colcon.colcon_core.package_discovery:discover_packages(colcon_meta) check parameters
[0.472s] Level 1:colcon.colcon_core.package_discovery:discover_packages(recursive) check parameters
[0.472s] Level 1:colcon.colcon_core.package_discovery:discover_packages(ignore) check parameters
[0.472s] Level 1:colcon.colcon_core.package_discovery:discover_packages(path) check parameters
[0.472s] Level 1:colcon.colcon_core.package_discovery:discover_packages(colcon_meta) discover
[0.472s] Level 1:colcon.colcon_core.package_discovery:discover_packages(recursive) discover
[0.473s] INFO:colcon.colcon_core.package_discovery:Crawling recursively for packages in '/home/nippun/ros2_ws'
[0.473s] Level 1:colcon.colcon_core.package_identification:_identify(.) by extensions ['ignore', 'ignore_ament_install']
[0.473s] Level 1:colcon.colcon_core.package_identification:_identify(.) by extension 'ignore'
[0.473s] Level 1:colcon.colcon_core.package_identification:_identify(.) by extension 'ignore_ament_install'
[0.473s] Level 1:colcon.colcon_core.package_identification:_identify(.) by extensions ['colcon_pkg']
[0.473s] Level 1:colcon.colcon_core.package_identification:_identify(.) by extension 'colcon_pkg'
[0.473s] Level 1:colcon.colcon_core.package_identification:_identify(.) by extensions ['colcon_meta']
[0.473s] Level 1:colcon.colcon_core.package_identification:_identify(.) by extension 'colcon_meta'
[0.473s] Level 1:colcon.colcon_core.package_identification:_identify(.) by extensions ['ros']
[0.473s] Level 1:colcon.colcon_core.package_identification:_identify(.) by extension 'ros'
[0.509s] Level 1:colcon.colcon_core.package_identification:_identify(.) by extensions ['cmake', 'python']
[0.509s] Level 1:colcon.colcon_core.package_identification:_identify(.) by extension 'cmake'
[0.509s] Level 1:colcon.colcon_core.package_identification:_identify(.) by extension 'python'
[0.509s] Level 1:colcon.colcon_core.package_identification:_identify(.) by extensions ['python_setup_py']
[0.509s] Level 1:colcon.colcon_core.package_identification:_identify(.) by extension 'python_setup_py'
[0.510s] Level 1:colcon.colcon_core.package_identification:_identify(build) by extensions ['ignore', 'ignore_ament_install']
[0.510s] Level 1:colcon.colcon_core.package_identification:_identify(build) by extension 'ignore'
[0.510s] Level 1:colcon.colcon_core.package_identification:_identify(build) ignored
[0.510s] Level 1:colcon.colcon_core.package_identification:_identify(install) by extensions ['ignore', 'ignore_ament_install']
[0.510s] Level 1:colcon.colcon_core.package_identification:_identify(install) by extension 'ignore'
[0.510s] Level 1:colcon.colcon_core.package_identification:_identify(install) ignored
[0.510s] Level 1:colcon.colcon_core.package_identification:_identify(log) by extensions ['ignore', 'ignore_ament_install']
[0.510s] Level 1:colcon.colcon_core.package_identification:_identify(log) by extension 'ignore'
[0.510s] Level 1:colcon.colcon_core.package_identification:_identify(log) ignored
[0.511s] Level 1:colcon.colcon_core.package_identification:_identify(src) by extensions ['ignore', 'ignore_ament_install']
[0.511s] Level 1:colcon.colcon_core.package_identification:_identify(src) by extension 'ignore'
[0.511s] Level 1:colcon.colcon_core.package_identification:_identify(src) by extension 'ignore_ament_install'
[0.511s] Level 1:colcon.colcon_core.package_identification:_identify(src) by extensions ['colcon_pkg']
[0.511s] Level 1:colcon.colcon_core.package_identification:_identify(src) by extension 'colcon_pkg'
[0.511s] Level 1:colcon.colcon_core.package_identification:_identify(src) by extensions ['colcon_meta']
[0.511s] Level 1:colcon.colcon_core.package_identification:_identify(src) by extension 'colcon_meta'
[0.511s] Level 1:colcon.colcon_core.package_identification:_identify(src) by extensions ['ros']
[0.511s] Level 1:colcon.colcon_core.package_identification:_identify(src) by extension 'ros'
[0.511s] Level 1:colcon.colcon_core.package_identification:_identify(src) by extensions ['cmake', 'python']
[0.511s] Level 1:colcon.colcon_core.package_identification:_identify(src) by extension 'cmake'
[0.511s] Level 1:colcon.colcon_core.package_identification:_identify(src) by extension 'python'
[0.511s] Level 1:colcon.colcon_core.package_identification:_identify(src) by extensions ['python_setup_py']
[0.511s] Level 1:colcon.colcon_core.package_identification:_identify(src) by extension 'python_setup_py'
[0.512s] Level 1:colcon.colcon_core.package_identification:_identify(src/my_first_package) by extensions ['ignore', 'ignore_ament_install']
[0.512s] Level 1:colcon.colcon_core.package_identification:_identify(src/my_first_package) by extension 'ignore'
[0.512s] Level 1:colcon.colcon_core.package_identification:_identify(src/my_first_package) by extension 'ignore_ament_install'
[0.512s] Level 1:colcon.colcon_core.package_identification:_identify(src/my_first_package) by extensions ['colcon_pkg']
[0.512s] Level 1:colcon.colcon_core.package_identification:_identify(src/my_first_package) by extension 'colcon_pkg'
[0.512s] Level 1:colcon.colcon_core.package_identification:_identify(src/my_first_package) by extensions ['colcon_meta']
[0.512s] Level 1:colcon.colcon_core.package_identification:_identify(src/my_first_package) by extension 'colcon_meta'
[0.512s] Level 1:colcon.colcon_core.package_identification:_identify(src/my_first_package) by extensions ['ros']
[0.512s] Level 1:colcon.colcon_core.package_identification:_identify(src/my_first_package) by extension 'ros'
[0.516s] DEBUG:colcon.colcon_core.package_identification:Package 'src/my_first_package' with type 'ros.ament_python' and name 'my_first_package'
[0.517s] Level 1:colcon.colcon_core.package_identification:_identify(src/talker_listner) by extensions ['ignore', 'ignore_ament_install']
[0.517s] Level 1:colcon.colcon_core.package_identification:_identify(src/talker_listner) by extension 'ignore'
[0.517s] Level 1:colcon.colcon_core.package_identification:_identify(src/talker_listner) by extension 'ignore_ament_install'
[0.517s] Level 1:colcon.colcon_core.package_identification:_identify(src/talker_listner) by extensions ['colcon_pkg']
[0.517s] Level 1:colcon.colcon_core.package_identification:_identify(src/talker_listner) by extension 'colcon_pkg'
[0.517s] Level 1:colcon.colcon_core.package_identification:_identify(src/talker_listner) by extensions ['colcon_meta']
[0.517s] Level 1:colcon.colcon_core.package_identification:_identify(src/talker_listner) by extension 'colcon_meta'
[0.517s] Level 1:colcon.colcon_core.package_identification:_identify(src/talker_listner) by extensions ['ros']
[0.517s] Level 1:colcon.colcon_core.package_identification:_identify(src/talker_listner) by extension 'ros'
[0.518s] DEBUG:colcon.colcon_core.package_identification:Package 'src/talker_listner' with type 'ros.ament_python' and name 'talker_listner'
[0.518s] Level 1:colcon.colcon_core.package_identification:_identify(src/tele_op) by extensions ['ignore', 'ignore_ament_install']
[0.518s] Level 1:colcon.colcon_core.package_identification:_identify(src/tele_op) by extension 'ignore'
[0.518s] Level 1:colcon.colcon_core.package_identification:_identify(src/tele_op) by extension 'ignore_ament_install'
[0.518s] Level 1:colcon.colcon_core.package_identification:_identify(src/tele_op) by extensions ['colcon_pkg']
[0.518s] Level 1:colcon.colcon_core.package_identification:_identify(src/tele_op) by extension 'colcon_pkg'
[0.518s] Level 1:colcon.colcon_core.package_identification:_identify(src/tele_op) by extensions ['colcon_meta']
[0.519s] Level 1:colcon.colcon_core.package_identification:_identify(src/tele_op) by extension 'colcon_meta'
[0.519s] Level 1:colcon.colcon_core.package_identification:_identify(src/tele_op) by extensions ['ros']
[0.519s] Level 1:colcon.colcon_core.package_identification:_identify(src/tele_op) by extension 'ros'
[0.519s] DEBUG:colcon.colcon_core.package_identification:Package 'src/tele_op' with type 'ros.ament_python' and name 'tele_op'
[0.519s] Level 1:colcon.colcon_core.package_discovery:discover_packages(recursive) using defaults
[0.519s] Level 1:colcon.colcon_core.package_discovery:discover_packages(ignore) discover
[0.519s] Level 1:colcon.colcon_core.package_discovery:discover_packages(ignore) using defaults
[0.520s] Level 1:colcon.colcon_core.package_discovery:discover_packages(path) discover
[0.520s] Level 1:colcon.colcon_core.package_discovery:discover_packages(path) using defaults
[0.552s] Level 1:colcon.colcon_core.package_discovery:discover_packages(prefix_path) check parameters
[0.552s] Level 1:colcon.colcon_core.package_discovery:discover_packages(prefix_path) discover
[0.555s] DEBUG:colcon.colcon_installed_package_information.package_discovery:Found 3 installed packages in /home/nippun/ros2_ws/install
[0.558s] DEBUG:colcon.colcon_installed_package_information.package_discovery:Found 279 installed packages in /opt/ros/humble
[0.562s] Level 1:colcon.colcon_core.package_discovery:discover_packages(prefix_path) using defaults
[0.657s] Level 5:colcon.colcon_core.verb:set package 'my_first_package' build argument 'cmake_args' from command line to 'None'
[0.657s] Level 5:colcon.colcon_core.verb:set package 'my_first_package' build argument 'cmake_target' from command line to 'None'
[0.657s] Level 5:colcon.colcon_core.verb:set package 'my_first_package' build argument 'cmake_target_skip_unavailable' from command line to 'False'
[0.657s] Level 5:colcon.colcon_core.verb:set package 'my_first_package' build argument 'cmake_clean_cache' from command line to 'False'
[0.657s] Level 5:colcon.colcon_core.verb:set package 'my_first_package' build argument 'cmake_clean_first' from command line to 'False'
[0.657s] Level 5:colcon.colcon_core.verb:set package 'my_first_package' build argument 'cmake_force_configure' from command line to 'False'
[0.657s] Level 5:colcon.colcon_core.verb:set package 'my_first_package' build argument 'ament_cmake_args' from command line to 'None'
[0.657s] Level 5:colcon.colcon_core.verb:set package 'my_first_package' build argument 'catkin_cmake_args' from command line to 'None'
[0.657s] Level 5:colcon.colcon_core.verb:set package 'my_first_package' build argument 'catkin_skip_building_tests' from command line to 'False'
[0.657s] DEBUG:colcon.colcon_core.verb:Building package 'my_first_package' with the following arguments: {'ament_cmake_args': None, 'build_base': '/home/nippun/ros2_ws/build/my_first_package', 'catkin_cmake_args': None, 'catkin_skip_building_tests': False, 'cmake_args': None, 'cmake_clean_cache': False, 'cmake_clean_first': False, 'cmake_force_configure': False, 'cmake_target': None, 'cmake_target_skip_unavailable': False, 'install_base': '/home/nippun/ros2_ws/install/my_first_package', 'merge_install': False, 'path': '/home/nippun/ros2_ws/src/my_first_package', 'symlink_install': False, 'test_result_base': None}
[0.659s] Level 5:colcon.colcon_core.verb:set package 'talker_listner' build argument 'cmake_args' from command line to 'None'
[0.659s] Level 5:colcon.colcon_core.verb:set package 'talker_listner' build argument 'cmake_target' from command line to 'None'
[0.659s] Level 5:colcon.colcon_core.verb:set package 'talker_listner' build argument 'cmake_target_skip_unavailable' from command line to 'False'
[0.659s] Level 5:colcon.colcon_core.verb:set package 'talker_listner' build argument 'cmake_clean_cache' from command line to 'False'
[0.659s] Level 5:colcon.colcon_core.verb:set package 'talker_listner' build argument 'cmake_clean_first' from command line to 'False'
[0.659s] Level 5:colcon.colcon_core.verb:set package 'talker_listner' build argument 'cmake_force_configure' from command line to 'False'
[0.659s] Level 5:colcon.colcon_core.verb:set package 'talker_listner' build argument 'ament_cmake_args' from command line to 'None'
[0.659s] Level 5:colcon.colcon_core.verb:set package 'talker_listner' build argument 'catkin_cmake_args' from command line to 'None'
[0.659s] Level 5:colcon.colcon_core.verb:set package 'talker_listner' build argument 'catkin_skip_building_tests' from command line to 'False'
[0.659s] DEBUG:colcon.colcon_core.verb:Building package 'talker_listner' with the following arguments: {'ament_cmake_args': None, 'build_base': '/home/nippun/ros2_ws/build/talker_listner', 'catkin_cmake_args': None, 'catkin_skip_building_tests': False, 'cmake_args': None, 'cmake_clean_cache': False, 'cmake_clean_first': False, 'cmake_force_configure': False, 'cmake_target': None, 'cmake_target_skip_unavailable': False, 'install_base': '/home/nippun/ros2_ws/install/talker_listner', 'merge_install': False, 'path': '/home/nippun/ros2_ws/src/talker_listner', 'symlink_install': False, 'test_result_base': None}
[0.661s] Level 5:colcon.colcon_core.verb:set package 'tele_op' build argument 'cmake_args' from command line to 'None'
[0.661s] Level 5:colcon.colcon_core.verb:set package 'tele_op' build argument 'cmake_target' from command line to 'None'
[0.661s] Level 5:colcon.colcon_core.verb:set package 'tele_op' build argument 'cmake_target_skip_unavailable' from command line to 'False'
[0.661s] Level 5:colcon.colcon_core.verb:set package 'tele_op' build argument 'cmake_clean_cache' from command line to 'False'
[0.661s] Level 5:colcon.colcon_core.verb:set package 'tele_op' build argument 'cmake_clean_first' from command line to 'False'
[0.661s] Level 5:colcon.colcon_core.verb:set package 'tele_op' build argument 'cmake_force_configure' from command line to 'False'
[0.661s] Level 5:colcon.colcon_core.verb:set package 'tele_op' build argument 'ament_cmake_args' from command line to 'None'
[0.661s] Level 5:colcon.colcon_core.verb:set package 'tele_op' build argument 'catkin_cmake_args' from command line to 'None'
[0.661s] Level 5:colcon.colcon_core.verb:set package 'tele_op' build argument 'catkin_skip_building_tests' from command line to 'False'
[0.661s] DEBUG:colcon.colcon_core.verb:Building package 'tele_op' with the following arguments: {'ament_cmake_args': None, 'build_base': '/home/nippun/ros2_ws/build/tele_op', 'catkin_cmake_args': None, 'catkin_skip_building_tests': False, 'cmake_args': None, 'cmake_clean_cache': False, 'cmake_clean_first': False, 'cmake_force_configure': False, 'cmake_target': None, 'cmake_target_skip_unavailable': False, 'install_base': '/home/nippun/ros2_ws/install/tele_op', 'merge_install': False, 'path': '/home/nippun/ros2_ws/src/tele_op', 'symlink_install': False, 'test_result_base': None}
[0.662s] INFO:colcon.colcon_core.executor:Executing jobs using 'parallel' executor
[0.669s] DEBUG:colcon.colcon_parallel_executor.executor.parallel:run_until_complete
[0.669s] INFO:colcon.colcon_ros.task.ament_python.build:Building ROS package in '/home/nippun/ros2_ws/src/my_first_package' with build type 'ament_python'
[0.670s] Level 1:colcon.colcon_core.shell:create_environment_hook('my_first_package', 'ament_prefix_path')
[0.677s] INFO:colcon.colcon_core.plugin_system:Skipping extension 'colcon_core.shell.bat': Not used on non-Windows systems
[0.677s] INFO:colcon.colcon_core.shell:Creating environment hook '/home/nippun/ros2_ws/install/my_first_package/share/my_first_package/hook/ament_prefix_path.ps1'
[0.678s] INFO:colcon.colcon_core.shell:Creating environment descriptor '/home/nippun/ros2_ws/install/my_first_package/share/my_first_package/hook/ament_prefix_path.dsv'
[0.679s] INFO:colcon.colcon_core.shell:Creating environment hook '/home/nippun/ros2_ws/install/my_first_package/share/my_first_package/hook/ament_prefix_path.sh'
[0.682s] INFO:colcon.colcon_core.shell:Skip shell extension 'powershell' for command environment: Not usable outside of PowerShell
[0.682s] DEBUG:colcon.colcon_core.shell:Skip shell extension 'dsv' for command environment
[0.689s] INFO:colcon.colcon_ros.task.ament_python.build:Building ROS package in '/home/nippun/ros2_ws/src/talker_listner' with build type 'ament_python'
[0.690s] Level 1:colcon.colcon_core.shell:create_environment_hook('talker_listner', 'ament_prefix_path')
[0.693s] INFO:colcon.colcon_core.shell:Creating environment hook '/home/nippun/ros2_ws/install/talker_listner/share/talker_listner/hook/ament_prefix_path.ps1'
[0.693s] INFO:colcon.colcon_core.shell:Creating environment descriptor '/home/nippun/ros2_ws/install/talker_listner/share/talker_listner/hook/ament_prefix_path.dsv'
[0.694s] INFO:colcon.colcon_core.shell:Creating environment hook '/home/nippun/ros2_ws/install/talker_listner/share/talker_listner/hook/ament_prefix_path.sh'
[0.697s] INFO:colcon.colcon_core.shell:Skip shell extension 'powershell' for command environment: Not usable outside of PowerShell
[0.697s] DEBUG:colcon.colcon_core.shell:Skip shell extension 'dsv' for command environment
[0.705s] INFO:colcon.colcon_ros.task.ament_python.build:Building ROS package in '/home/nippun/ros2_ws/src/tele_op' with build type 'ament_python'
[0.706s] Level 1:colcon.colcon_core.shell:create_environment_hook('tele_op', 'ament_prefix_path')
[0.708s] INFO:colcon.colcon_core.shell:Creating environment hook '/home/nippun/ros2_ws/install/tele_op/share/tele_op/hook/ament_prefix_path.ps1'
[0.709s] INFO:colcon.colcon_core.shell:Creating environment descriptor '/home/nippun/ros2_ws/install/tele_op/share/tele_op/hook/ament_prefix_path.dsv'
[0.709s] INFO:colcon.colcon_core.shell:Creating environment hook '/home/nippun/ros2_ws/install/tele_op/share/tele_op/hook/ament_prefix_path.sh'
[0.712s] INFO:colcon.colcon_core.shell:Skip shell extension 'powershell' for command environment: Not usable outside of PowerShell
[0.712s] DEBUG:colcon.colcon_core.shell:Skip shell extension 'dsv' for command environment
[1.108s] INFO:colcon.colcon_core.task.python.build:Building Python package in '/home/nippun/ros2_ws/src/my_first_package'
[1.110s] INFO:colcon.colcon_core.shell:Skip shell extension 'powershell' for command environment: Not usable outside of PowerShell
[1.111s] DEBUG:colcon.colcon_core.shell:Skip shell extension 'dsv' for command environment
[1.509s] INFO:colcon.colcon_core.task.python.build:Building Python package in '/home/nippun/ros2_ws/src/talker_listner'
[1.514s] INFO:colcon.colcon_core.shell:Skip shell extension 'powershell' for command environment: Not usable outside of PowerShell
[1.514s] DEBUG:colcon.colcon_core.shell:Skip shell extension 'dsv' for command environment
[1.922s] INFO:colcon.colcon_core.task.python.build:Building Python package in '/home/nippun/ros2_ws/src/tele_op'
[1.927s] INFO:colcon.colcon_core.shell:Skip shell extension 'powershell' for command environment: Not usable outside of PowerShell
[1.927s] DEBUG:colcon.colcon_core.shell:Skip shell extension 'dsv' for command environment
[2.540s] DEBUG:colcon.colcon_core.event_handler.log_command:Invoking command in '/home/nippun/ros2_ws/src/talker_listner': PYTHONPATH=/home/nippun/ros2_ws/install/talker_listner/lib/python3.10/site-packages:${PYTHONPATH} /usr/bin/python3 setup.py egg_info --egg-base ../../build/talker_listner build --build-base /home/nippun/ros2_ws/build/talker_listner/build install --prefix /home/nippun/ros2_ws/install/talker_listner --record /home/nippun/ros2_ws/build/talker_listner/install.log --single-version-externally-managed
[2.770s] DEBUG:colcon.colcon_core.event_handler.log_command:Invoking command in '/home/nippun/ros2_ws/src/my_first_package': PYTHONPATH=/home/nippun/ros2_ws/install/my_first_package/lib/python3.10/site-packages:${PYTHONPATH} /usr/bin/python3 setup.py egg_info --egg-base ../../build/my_first_package build --build-base /home/nippun/ros2_ws/build/my_first_package/build install --prefix /home/nippun/ros2_ws/install/my_first_package --record /home/nippun/ros2_ws/build/my_first_package/install.log --single-version-externally-managed
[2.842s] DEBUG:colcon.colcon_core.event_handler.log_command:Invoking command in '/home/nippun/ros2_ws/src/tele_op': PYTHONPATH=/home/nippun/ros2_ws/install/tele_op/lib/python3.10/site-packages:${PYTHONPATH} /usr/bin/python3 setup.py egg_info --egg-base ../../build/tele_op build --build-base /home/nippun/ros2_ws/build/tele_op/build install --prefix /home/nippun/ros2_ws/install/tele_op --record /home/nippun/ros2_ws/build/tele_op/install.log --single-version-externally-managed
[3.332s] DEBUG:colcon.colcon_core.event_handler.log_command:Invoked command in '/home/nippun/ros2_ws/src/talker_listner' returned '0': PYTHONPATH=/home/nippun/ros2_ws/install/talker_listner/lib/python3.10/site-packages:${PYTHONPATH} /usr/bin/python3 setup.py egg_info --egg-base ../../build/talker_listner build --build-base /home/nippun/ros2_ws/build/talker_listner/build install --prefix /home/nippun/ros2_ws/install/talker_listner --record /home/nippun/ros2_ws/build/talker_listner/install.log --single-version-externally-managed
[3.343s] Level 1:colcon.colcon_core.environment:checking '/home/nippun/ros2_ws/install/talker_listner' for CMake module files
[3.345s] Level 1:colcon.colcon_core.environment:checking '/home/nippun/ros2_ws/install/talker_listner' for CMake config files
[3.346s] Level 1:colcon.colcon_core.environment:checking '/home/nippun/ros2_ws/install/talker_listner/lib'
[3.347s] Level 1:colcon.colcon_core.environment:checking '/home/nippun/ros2_ws/install/talker_listner/bin'
[3.347s] Level 1:colcon.colcon_core.environment:checking '/home/nippun/ros2_ws/install/talker_listner/lib/pkgconfig/talker_listner.pc'
[3.348s] Level 1:colcon.colcon_core.environment:checking '/home/nippun/ros2_ws/install/talker_listner/lib/python3.10/site-packages'
[3.348s] Level 1:colcon.colcon_core.shell:create_environment_hook('talker_listner', 'pythonpath')
[3.352s] INFO:colcon.colcon_core.shell:Creating environment hook '/home/nippun/ros2_ws/install/talker_listner/share/talker_listner/hook/pythonpath.ps1'
[3.353s] INFO:colcon.colcon_core.shell:Creating environment descriptor '/home/nippun/ros2_ws/install/talker_listner/share/talker_listner/hook/pythonpath.dsv'
[3.353s] INFO:colcon.colcon_core.shell:Creating environment hook '/home/nippun/ros2_ws/install/talker_listner/share/talker_listner/hook/pythonpath.sh'
[3.355s] Level 1:colcon.colcon_core.environment:checking '/home/nippun/ros2_ws/install/talker_listner/bin'
[3.355s] Level 1:colcon.colcon_core.environment:create_environment_scripts_only(talker_listner)
[3.359s] INFO:colcon.colcon_core.shell:Creating package script '/home/nippun/ros2_ws/install/talker_listner/share/talker_listner/package.ps1'
[3.361s] INFO:colcon.colcon_core.shell:Creating package descriptor '/home/nippun/ros2_ws/install/talker_listner/share/talker_listner/package.dsv'
[3.362s] INFO:colcon.colcon_core.shell:Creating package script '/home/nippun/ros2_ws/install/talker_listner/share/talker_listner/package.sh'
[3.364s] INFO:colcon.colcon_core.shell:Creating package script '/home/nippun/ros2_ws/install/talker_listner/share/talker_listner/package.bash'
[3.366s] INFO:colcon.colcon_core.shell:Creating package script '/home/nippun/ros2_ws/install/talker_listner/share/talker_listner/package.zsh'
[3.367s] Level 1:colcon.colcon_core.environment:create_file_with_runtime_dependencies(/home/nippun/ros2_ws/install/talker_listner/share/colcon-core/packages/talker_listner)
[3.375s] Level 1:colcon.colcon_core.environment:checking '/home/nippun/ros2_ws/install/tele_op' for CMake module files
[3.376s] DEBUG:colcon.colcon_core.event_handler.log_command:Invoked command in '/home/nippun/ros2_ws/src/tele_op' returned '0': PYTHONPATH=/home/nippun/ros2_ws/install/tele_op/lib/python3.10/site-packages:${PYTHONPATH} /usr/bin/python3 setup.py egg_info --egg-base ../../build/tele_op build --build-base /home/nippun/ros2_ws/build/tele_op/build install --prefix /home/nippun/ros2_ws/install/tele_op --record /home/nippun/ros2_ws/build/tele_op/install.log --single-version-externally-managed
[3.377s] Level 1:colcon.colcon_core.environment:checking '/home/nippun/ros2_ws/install/tele_op' for CMake config files
[3.378s] Level 1:colcon.colcon_core.environment:checking '/home/nippun/ros2_ws/install/tele_op/lib'
[3.378s] Level 1:colcon.colcon_core.environment:checking '/home/nippun/ros2_ws/install/tele_op/bin'
[3.378s] Level 1:colcon.colcon_core.environment:checking '/home/nippun/ros2_ws/install/tele_op/lib/pkgconfig/tele_op.pc'
[3.379s] Level 1:colcon.colcon_core.environment:checking '/home/nippun/ros2_ws/install/tele_op/lib/python3.10/site-packages'
[3.379s] Level 1:colcon.colcon_core.shell:create_environment_hook('tele_op', 'pythonpath')
[3.383s] INFO:colcon.colcon_core.shell:Creating environment hook '/home/nippun/ros2_ws/install/tele_op/share/tele_op/hook/pythonpath.ps1'
[3.384s] INFO:colcon.colcon_core.shell:Creating environment descriptor '/home/nippun/ros2_ws/install/tele_op/share/tele_op/hook/pythonpath.dsv'
[3.385s] INFO:colcon.colcon_core.shell:Creating environment hook '/home/nippun/ros2_ws/install/tele_op/share/tele_op/hook/pythonpath.sh'
[3.387s] Level 1:colcon.colcon_core.environment:checking '/home/nippun/ros2_ws/install/tele_op/bin'
[3.387s] Level 1:colcon.colcon_core.environment:create_environment_scripts_only(tele_op)
[3.391s] INFO:colcon.colcon_core.shell:Creating package script '/home/nippun/ros2_ws/install/tele_op/share/tele_op/package.ps1'
[3.393s] INFO:colcon.colcon_core.shell:Creating package descriptor '/home/nippun/ros2_ws/install/tele_op/share/tele_op/package.dsv'
[3.394s] INFO:colcon.colcon_core.shell:Creating package script '/home/nippun/ros2_ws/install/tele_op/share/tele_op/package.sh'
[3.395s] INFO:colcon.colcon_core.shell:Creating package script '/home/nippun/ros2_ws/install/tele_op/share/tele_op/package.bash'
[3.395s] INFO:colcon.colcon_core.shell:Creating package script '/home/nippun/ros2_ws/install/tele_op/share/tele_op/package.zsh'
[3.396s] Level 1:colcon.colcon_core.environment:create_file_with_runtime_dependencies(/home/nippun/ros2_ws/install/tele_op/share/colcon-core/packages/tele_op)
[3.485s] Level 1:colcon.colcon_core.environment:checking '/home/nippun/ros2_ws/install/my_first_package' for CMake module files
[3.487s] DEBUG:colcon.colcon_core.event_handler.log_command:Invoked command in '/home/nippun/ros2_ws/src/my_first_package' returned '0': PYTHONPATH=/home/nippun/ros2_ws/install/my_first_package/lib/python3.10/site-packages:${PYTHONPATH} /usr/bin/python3 setup.py egg_info --egg-base ../../build/my_first_package build --build-base /home/nippun/ros2_ws/build/my_first_package/build install --prefix /home/nippun/ros2_ws/install/my_first_package --record /home/nippun/ros2_ws/build/my_first_package/install.log --single-version-externally-managed
[3.487s] Level 1:colcon.colcon_core.environment:checking '/home/nippun/ros2_ws/install/my_first_package' for CMake config files
[3.488s] Level 1:colcon.colcon_core.environment:checking '/home/nippun/ros2_ws/install/my_first_package/lib'
[3.488s] Level 1:colcon.colcon_core.environment:checking '/home/nippun/ros2_ws/install/my_first_package/bin'
[3.488s] Level 1:colcon.colcon_core.environment:checking '/home/nippun/ros2_ws/install/my_first_package/lib/pkgconfig/my_first_package.pc'
[3.489s] Level 1:colcon.colcon_core.environment:checking '/home/nippun/ros2_ws/install/my_first_package/lib/python3.10/site-packages'
[3.489s] Level 1:colcon.colcon_core.shell:create_environment_hook('my_first_package', 'pythonpath')
[3.491s] INFO:colcon.colcon_core.shell:Creating environment hook '/home/nippun/ros2_ws/install/my_first_package/share/my_first_package/hook/pythonpath.ps1'
[3.492s] INFO:colcon.colcon_core.shell:Creating environment descriptor '/home/nippun/ros2_ws/install/my_first_package/share/my_first_package/hook/pythonpath.dsv'
[3.492s] INFO:colcon.colcon_core.shell:Creating environment hook '/home/nippun/ros2_ws/install/my_first_package/share/my_first_package/hook/pythonpath.sh'
[3.493s] Level 1:colcon.colcon_core.environment:checking '/home/nippun/ros2_ws/install/my_first_package/bin'
[3.493s] Level 1:colcon.colcon_core.environment:create_environment_scripts_only(my_first_package)
[3.495s] INFO:colcon.colcon_core.shell:Creating package script '/home/nippun/ros2_ws/install/my_first_package/share/my_first_package/package.ps1'
[3.496s] INFO:colcon.colcon_core.shell:Creating package descriptor '/home/nippun/ros2_ws/install/my_first_package/share/my_first_package/package.dsv'
[3.496s] INFO:colcon.colcon_core.shell:Creating package script '/home/nippun/ros2_ws/install/my_first_package/share/my_first_package/package.sh'
[3.497s] INFO:colcon.colcon_core.shell:Creating package script '/home/nippun/ros2_ws/install/my_first_package/share/my_first_package/package.bash'
[3.497s] INFO:colcon.colcon_core.shell:Creating package script '/home/nippun/ros2_ws/install/my_first_package/share/my_first_package/package.zsh'
[3.498s] Level 1:colcon.colcon_core.environment:create_file_with_runtime_dependencies(/home/nippun/ros2_ws/install/my_first_package/share/colcon-core/packages/my_first_package)
[3.498s] DEBUG:colcon.colcon_parallel_executor.executor.parallel:closing loop
[3.499s] DEBUG:colcon.colcon_parallel_executor.executor.parallel:loop closed
[3.499s] DEBUG:colcon.colcon_parallel_executor.executor.parallel:run_until_complete finished with '0'
[3.499s] DEBUG:colcon.colcon_core.event_reactor:joining thread
[3.518s] INFO:colcon.colcon_core.plugin_system:Skipping extension 'colcon_notification.desktop_notification.terminal_notifier': Not used on non-Darwin systems
[3.518s] INFO:colcon.colcon_core.plugin_system:Skipping extension 'colcon_notification.desktop_notification.win32': Not used on non-Windows systems
[3.518s] INFO:colcon.colcon_notification.desktop_notification:Sending desktop notification using 'notify2'
[3.540s] DEBUG:colcon.colcon_core.event_reactor:joined thread
[3.543s] INFO:colcon.colcon_core.shell:Creating prefix script '/home/nippun/ros2_ws/install/local_setup.ps1'
[3.546s] INFO:colcon.colcon_core.shell:Creating prefix util module '/home/nippun/ros2_ws/install/_local_setup_util_ps1.py'
[3.549s] INFO:colcon.colcon_core.shell:Creating prefix chain script '/home/nippun/ros2_ws/install/setup.ps1'
[3.552s] INFO:colcon.colcon_core.shell:Creating prefix script '/home/nippun/ros2_ws/install/local_setup.sh'
[3.553s] INFO:colcon.colcon_core.shell:Creating prefix util module '/home/nippun/ros2_ws/install/_local_setup_util_sh.py'
[3.554s] INFO:colcon.colcon_core.shell:Creating prefix chain script '/home/nippun/ros2_ws/install/setup.sh'
[3.557s] INFO:colcon.colcon_core.shell:Creating prefix script '/home/nippun/ros2_ws/install/local_setup.bash'
[3.559s] INFO:colcon.colcon_core.shell:Creating prefix chain script '/home/nippun/ros2_ws/install/setup.bash'
[3.562s] INFO:colcon.colcon_core.shell:Creating prefix script '/home/nippun/ros2_ws/install/local_setup.zsh'
[3.563s] INFO:colcon.colcon_core.shell:Creating prefix chain script '/home/nippun/ros2_ws/install/setup.zsh'
