running egg_info
creating ../../build/tele_op/tele_op.egg-info
writing ../../build/tele_op/tele_op.egg-info/PKG-INFO
writing dependency_links to ../../build/tele_op/tele_op.egg-info/dependency_links.txt
writing entry points to ../../build/tele_op/tele_op.egg-info/entry_points.txt
writing requirements to ../../build/tele_op/tele_op.egg-info/requires.txt
writing top-level names to ../../build/tele_op/tele_op.egg-info/top_level.txt
writing manifest file '../../build/tele_op/tele_op.egg-info/SOURCES.txt'
reading manifest file '../../build/tele_op/tele_op.egg-info/SOURCES.txt'
writing manifest file '../../build/tele_op/tele_op.egg-info/SOURCES.txt'
running build
running build_py
creating /home/nippun/ros2_ws/build/tele_op/build
creating /home/nippun/ros2_ws/build/tele_op/build/lib
creating /home/nippun/ros2_ws/build/tele_op/build/lib/tele_op
copying tele_op/__init__.py -> /home/nippun/ros2_ws/build/tele_op/build/lib/tele_op
copying tele_op/key_detect.py -> /home/nippun/ros2_ws/build/tele_op/build/lib/tele_op
copying tele_op/motion_generator.py -> /home/nippun/ros2_ws/build/tele_op/build/lib/tele_op
running install
/usr/lib/python3/dist-packages/setuptools/command/install.py:34: SetuptoolsDeprecationWarning: setup.py install is deprecated. Use build and pip and other standards-based tools.
  warnings.warn(
running install_lib
creating /home/nippun/ros2_ws/install/tele_op/lib/python3.10/site-packages/tele_op
copying /home/nippun/ros2_ws/build/tele_op/build/lib/tele_op/__init__.py -> /home/nippun/ros2_ws/install/tele_op/lib/python3.10/site-packages/tele_op
copying /home/nippun/ros2_ws/build/tele_op/build/lib/tele_op/key_detect.py -> /home/nippun/ros2_ws/install/tele_op/lib/python3.10/site-packages/tele_op
copying /home/nippun/ros2_ws/build/tele_op/build/lib/tele_op/motion_generator.py -> /home/nippun/ros2_ws/install/tele_op/lib/python3.10/site-packages/tele_op
byte-compiling /home/nippun/ros2_ws/install/tele_op/lib/python3.10/site-packages/tele_op/__init__.py to __init__.cpython-310.pyc
byte-compiling /home/nippun/ros2_ws/install/tele_op/lib/python3.10/site-packages/tele_op/key_detect.py to key_detect.cpython-310.pyc
Sorry: TabError: inconsistent use of tabs and spaces in indentation (key_detect.py, line 35)
byte-compiling /home/nippun/ros2_ws/install/tele_op/lib/python3.10/site-packages/tele_op/motion_generator.py to motion_generator.cpython-310.pyc
running install_data
creating /home/nippun/ros2_ws/install/tele_op/share/ament_index
creating /home/nippun/ros2_ws/install/tele_op/share/ament_index/resource_index
creating /home/nippun/ros2_ws/install/tele_op/share/ament_index/resource_index/packages
copying resource/tele_op -> /home/nippun/ros2_ws/install/tele_op/share/ament_index/resource_index/packages
copying package.xml -> /home/nippun/ros2_ws/install/tele_op/share/tele_op
running install_egg_info
Copying ../../build/tele_op/tele_op.egg-info to /home/nippun/ros2_ws/install/tele_op/lib/python3.10/site-packages/tele_op-0.0.0-py3.10.egg-info
running install_scripts
Installing key_detect script to /home/nippun/ros2_ws/install/tele_op/lib/tele_op
writing list of installed files to '/home/nippun/ros2_ws/build/tele_op/install.log'
