[0.949s] Invoking command in '/home/nippun/ros2_ws/src/tele_op': PYTHONPATH=/home/nippun/ros2_ws/install/tele_op/lib/python3.10/site-packages:${PYTHONPATH} /usr/bin/python3 setup.py egg_info --egg-base ../../build/tele_op build --build-base /home/nippun/ros2_ws/build/tele_op/build install --prefix /home/nippun/ros2_ws/install/tele_op --record /home/nippun/ros2_ws/build/tele_op/install.log --single-version-externally-managed
[1.309s] running egg_info
[1.310s] creating ../../build/tele_op/tele_op.egg-info
[1.310s] writing ../../build/tele_op/tele_op.egg-info/PKG-INFO
[1.311s] writing dependency_links to ../../build/tele_op/tele_op.egg-info/dependency_links.txt
[1.311s] writing entry points to ../../build/tele_op/tele_op.egg-info/entry_points.txt
[1.311s] writing requirements to ../../build/tele_op/tele_op.egg-info/requires.txt
[1.311s] writing top-level names to ../../build/tele_op/tele_op.egg-info/top_level.txt
[1.311s] writing manifest file '../../build/tele_op/tele_op.egg-info/SOURCES.txt'
[1.314s] reading manifest file '../../build/tele_op/tele_op.egg-info/SOURCES.txt'
[1.315s] writing manifest file '../../build/tele_op/tele_op.egg-info/SOURCES.txt'
[1.315s] running build
[1.315s] running build_py
[1.316s] creating /home/nippun/ros2_ws/build/tele_op/build
[1.316s] creating /home/nippun/ros2_ws/build/tele_op/build/lib
[1.316s] creating /home/nippun/ros2_ws/build/tele_op/build/lib/tele_op
[1.316s] copying tele_op/__init__.py -> /home/nippun/ros2_ws/build/tele_op/build/lib/tele_op
[1.316s] copying tele_op/key_detect.py -> /home/nippun/ros2_ws/build/tele_op/build/lib/tele_op
[1.317s] copying tele_op/motion_generator.py -> /home/nippun/ros2_ws/build/tele_op/build/lib/tele_op
[1.317s] running install
[1.317s] /usr/lib/python3/dist-packages/setuptools/command/install.py:34: SetuptoolsDeprecationWarning: setup.py install is deprecated. Use build and pip and other standards-based tools.
[1.317s]   warnings.warn(
[1.317s] running install_lib
[1.318s] creating /home/nippun/ros2_ws/install/tele_op/lib/python3.10/site-packages/tele_op
[1.318s] copying /home/nippun/ros2_ws/build/tele_op/build/lib/tele_op/__init__.py -> /home/nippun/ros2_ws/install/tele_op/lib/python3.10/site-packages/tele_op
[1.319s] copying /home/nippun/ros2_ws/build/tele_op/build/lib/tele_op/key_detect.py -> /home/nippun/ros2_ws/install/tele_op/lib/python3.10/site-packages/tele_op
[1.319s] copying /home/nippun/ros2_ws/build/tele_op/build/lib/tele_op/motion_generator.py -> /home/nippun/ros2_ws/install/tele_op/lib/python3.10/site-packages/tele_op
[1.319s] byte-compiling /home/nippun/ros2_ws/install/tele_op/lib/python3.10/site-packages/tele_op/__init__.py to __init__.cpython-310.pyc
[1.320s] byte-compiling /home/nippun/ros2_ws/install/tele_op/lib/python3.10/site-packages/tele_op/key_detect.py to key_detect.cpython-310.pyc
[1.320s] Sorry: TabError: inconsistent use of tabs and spaces in indentation (key_detect.py, line 35)
[1.320s] byte-compiling /home/nippun/ros2_ws/install/tele_op/lib/python3.10/site-packages/tele_op/motion_generator.py to motion_generator.cpython-310.pyc
[1.320s] running install_data
[1.321s] creating /home/nippun/ros2_ws/install/tele_op/share/ament_index
[1.321s] creating /home/nippun/ros2_ws/install/tele_op/share/ament_index/resource_index
[1.321s] creating /home/nippun/ros2_ws/install/tele_op/share/ament_index/resource_index/packages
[1.322s] copying resource/tele_op -> /home/nippun/ros2_ws/install/tele_op/share/ament_index/resource_index/packages
[1.322s] copying package.xml -> /home/nippun/ros2_ws/install/tele_op/share/tele_op
[1.322s] running install_egg_info
[1.324s] Copying ../../build/tele_op/tele_op.egg-info to /home/nippun/ros2_ws/install/tele_op/lib/python3.10/site-packages/tele_op-0.0.0-py3.10.egg-info
[1.325s] running install_scripts
[1.356s] Installing key_detect script to /home/nippun/ros2_ws/install/tele_op/lib/tele_op
[1.356s] writing list of installed files to '/home/nippun/ros2_ws/build/tele_op/install.log'
[1.395s] Invoked command in '/home/nippun/ros2_ws/src/tele_op' returned '0': PYTHONPATH=/home/nippun/ros2_ws/install/tele_op/lib/python3.10/site-packages:${PYTHONPATH} /usr/bin/python3 setup.py egg_info --egg-base ../../build/tele_op build --build-base /home/nippun/ros2_ws/build/tele_op/build install --prefix /home/nippun/ros2_ws/install/tele_op --record /home/nippun/ros2_ws/build/tele_op/install.log --single-version-externally-managed
