[1.377s] Invoking command in '/home/nippun/ros2_ws/src/my_first_package': PYTHONPATH=/home/nippun/ros2_ws/install/my_first_package/lib/python3.10/site-packages:${PYTHONPATH} /usr/bin/python3 setup.py egg_info --egg-base ../../build/my_first_package build --build-base /home/nippun/ros2_ws/build/my_first_package/build install --prefix /home/nippun/ros2_ws/install/my_first_package --record /home/nippun/ros2_ws/build/my_first_package/install.log --single-version-externally-managed
[1.770s] running egg_info
[1.773s] writing ../../build/my_first_package/my_first_package.egg-info/PKG-INFO
[1.773s] writing dependency_links to ../../build/my_first_package/my_first_package.egg-info/dependency_links.txt
[1.774s] writing entry points to ../../build/my_first_package/my_first_package.egg-info/entry_points.txt
[1.774s] writing requirements to ../../build/my_first_package/my_first_package.egg-info/requires.txt
[1.774s] writing top-level names to ../../build/my_first_package/my_first_package.egg-info/top_level.txt
[1.776s] reading manifest file '../../build/my_first_package/my_first_package.egg-info/SOURCES.txt'
[1.779s] writing manifest file '../../build/my_first_package/my_first_package.egg-info/SOURCES.txt'
[1.779s] running build
[1.779s] running build_py
[1.780s] running install
[1.780s] /usr/lib/python3/dist-packages/setuptools/command/install.py:34: SetuptoolsDeprecationWarning: setup.py install is deprecated. Use build and pip and other standards-based tools.
[1.780s]   warnings.warn(
[1.781s] running install_lib
[1.782s] running install_data
[1.783s] running install_egg_info
[1.786s] removing '/home/nippun/ros2_ws/install/my_first_package/lib/python3.10/site-packages/my_first_package-0.0.0-py3.10.egg-info' (and everything under it)
[1.787s] Copying ../../build/my_first_package/my_first_package.egg-info to /home/nippun/ros2_ws/install/my_first_package/lib/python3.10/site-packages/my_first_package-0.0.0-py3.10.egg-info
[1.787s] running install_scripts
[1.820s] Installing my_node script to /home/nippun/ros2_ws/install/my_first_package/lib/my_first_package
[1.820s] writing list of installed files to '/home/nippun/ros2_ws/build/my_first_package/install.log'
[1.869s] Invoked command in '/home/nippun/ros2_ws/src/my_first_package' returned '0': PYTHONPATH=/home/nippun/ros2_ws/install/my_first_package/lib/python3.10/site-packages:${PYTHONPATH} /usr/bin/python3 setup.py egg_info --egg-base ../../build/my_first_package build --build-base /home/nippun/ros2_ws/build/my_first_package/build install --prefix /home/nippun/ros2_ws/install/my_first_package --record /home/nippun/ros2_ws/build/my_first_package/install.log --single-version-externally-managed
