[1.899s] Invoking command in '/home/nippun/ros2_ws/src/my_first_package': PYTHONPATH=/home/nippun/ros2_ws/src/install/my_first_package/lib/python3.10/site-packages:${PYTHONPATH} /usr/bin/python3 setup.py egg_info --egg-base ../build/my_first_package build --build-base /home/nippun/ros2_ws/src/build/my_first_package/build install --prefix /home/nippun/ros2_ws/src/install/my_first_package --record /home/nippun/ros2_ws/src/build/my_first_package/install.log --single-version-externally-managed
[2.251s] running egg_info
[2.252s] creating ../build/my_first_package/my_first_package.egg-info
[2.252s] writing ../build/my_first_package/my_first_package.egg-info/PKG-INFO
[2.253s] writing dependency_links to ../build/my_first_package/my_first_package.egg-info/dependency_links.txt
[2.253s] writing entry points to ../build/my_first_package/my_first_package.egg-info/entry_points.txt
[2.253s] writing requirements to ../build/my_first_package/my_first_package.egg-info/requires.txt
[2.253s] writing top-level names to ../build/my_first_package/my_first_package.egg-info/top_level.txt
[2.253s] writing manifest file '../build/my_first_package/my_first_package.egg-info/SOURCES.txt'
[2.255s] reading manifest file '../build/my_first_package/my_first_package.egg-info/SOURCES.txt'
[2.256s] writing manifest file '../build/my_first_package/my_first_package.egg-info/SOURCES.txt'
[2.257s] running build
[2.257s] running build_py
[2.257s] creating /home/nippun/ros2_ws/src/build/my_first_package/build
[2.257s] creating /home/nippun/ros2_ws/src/build/my_first_package/build/lib
[2.257s] creating /home/nippun/ros2_ws/src/build/my_first_package/build/lib/my_first_package
[2.257s] copying my_first_package/__init__.py -> /home/nippun/ros2_ws/src/build/my_first_package/build/lib/my_first_package
[2.258s] running install
[2.307s] /usr/lib/python3/dist-packages/setuptools/command/install.py:34: SetuptoolsDeprecationWarning: setup.py install is deprecated. Use build and pip and other standards-based tools.
[2.307s]   warnings.warn(
[2.307s] running install_lib
[2.308s] creating /home/nippun/ros2_ws/src/install/my_first_package/lib/python3.10/site-packages/my_first_package
[2.309s] copying /home/nippun/ros2_ws/src/build/my_first_package/build/lib/my_first_package/__init__.py -> /home/nippun/ros2_ws/src/install/my_first_package/lib/python3.10/site-packages/my_first_package
[2.309s] byte-compiling /home/nippun/ros2_ws/src/install/my_first_package/lib/python3.10/site-packages/my_first_package/__init__.py to __init__.cpython-310.pyc
[2.310s] running install_data
[2.310s] creating /home/nippun/ros2_ws/src/install/my_first_package/share/ament_index
[2.311s] creating /home/nippun/ros2_ws/src/install/my_first_package/share/ament_index/resource_index
[2.311s] creating /home/nippun/ros2_ws/src/install/my_first_package/share/ament_index/resource_index/packages
[2.311s] copying resource/my_first_package -> /home/nippun/ros2_ws/src/install/my_first_package/share/ament_index/resource_index/packages
[2.311s] copying package.xml -> /home/nippun/ros2_ws/src/install/my_first_package/share/my_first_package
[2.311s] running install_egg_info
[2.313s] Copying ../build/my_first_package/my_first_package.egg-info to /home/nippun/ros2_ws/src/install/my_first_package/lib/python3.10/site-packages/my_first_package-0.0.0-py3.10.egg-info
[2.314s] running install_scripts
[2.344s] writing list of installed files to '/home/nippun/ros2_ws/src/build/my_first_package/install.log'
[2.382s] Invoked command in '/home/nippun/ros2_ws/src/my_first_package' returned '0': PYTHONPATH=/home/nippun/ros2_ws/src/install/my_first_package/lib/python3.10/site-packages:${PYTHONPATH} /usr/bin/python3 setup.py egg_info --egg-base ../build/my_first_package build --build-base /home/nippun/ros2_ws/src/build/my_first_package/build install --prefix /home/nippun/ros2_ws/src/install/my_first_package --record /home/nippun/ros2_ws/src/build/my_first_package/install.log --single-version-externally-managed
