running egg_info
writing ../../build/talker_listner/talker_listner.egg-info/PKG-INFO
writing dependency_links to ../../build/talker_listner/talker_listner.egg-info/dependency_links.txt
writing entry points to ../../build/talker_listner/talker_listner.egg-info/entry_points.txt
writing requirements to ../../build/talker_listner/talker_listner.egg-info/requires.txt
writing top-level names to ../../build/talker_listner/talker_listner.egg-info/top_level.txt
reading manifest file '../../build/talker_listner/talker_listner.egg-info/SOURCES.txt'
writing manifest file '../../build/talker_listner/talker_listner.egg-info/SOURCES.txt'
running build
running build_py
running install
running install_lib
/usr/lib/python3/dist-packages/setuptools/command/install.py:34: SetuptoolsDeprecationWarning: setup.py install is deprecated. Use build and pip and other standards-based tools.
  warnings.warn(
running install_data
running install_egg_info
removing '/home/nippun/ros2_ws/install/talker_listner/lib/python3.10/site-packages/talker_listner-0.0.0-py3.10.egg-info' (and everything under it)
Copying ../../build/talker_listner/talker_listner.egg-info to /home/nippun/ros2_ws/install/talker_listner/lib/python3.10/site-packages/talker_listner-0.0.0-py3.10.egg-info
running install_scripts
Installing listnert script to /home/nippun/ros2_ws/install/talker_listner/lib/talker_listner
Installing talker script to /home/nippun/ros2_ws/install/talker_listner/lib/talker_listner
writing list of installed files to '/home/nippun/ros2_ws/build/talker_listner/install.log'
