[1.369s] Invoking command in '/home/nippun/ros2_ws/src/talker_listner': PYTHONPATH=/home/nippun/ros2_ws/install/talker_listner/lib/python3.10/site-packages:${PYTHONPATH} /usr/bin/python3 setup.py egg_info --egg-base ../../build/talker_listner build --build-base /home/nippun/ros2_ws/build/talker_listner/build install --prefix /home/nippun/ros2_ws/install/talker_listner --record /home/nippun/ros2_ws/build/talker_listner/install.log --single-version-externally-managed
[1.752s] running egg_info
[1.753s] writing ../../build/talker_listner/talker_listner.egg-info/PKG-INFO
[1.753s] writing dependency_links to ../../build/talker_listner/talker_listner.egg-info/dependency_links.txt
[1.754s] writing entry points to ../../build/talker_listner/talker_listner.egg-info/entry_points.txt
[1.755s] writing requirements to ../../build/talker_listner/talker_listner.egg-info/requires.txt
[1.755s] writing top-level names to ../../build/talker_listner/talker_listner.egg-info/top_level.txt
[1.758s] reading manifest file '../../build/talker_listner/talker_listner.egg-info/SOURCES.txt'
[1.759s] writing manifest file '../../build/talker_listner/talker_listner.egg-info/SOURCES.txt'
[1.760s] running build
[1.760s] running build_py
[1.761s] running install
[1.762s] running install_lib
[1.763s] /usr/lib/python3/dist-packages/setuptools/command/install.py:34: SetuptoolsDeprecationWarning: setup.py install is deprecated. Use build and pip and other standards-based tools.
[1.763s]   warnings.warn(
[1.764s] running install_data
[1.765s] running install_egg_info
[1.768s] removing '/home/nippun/ros2_ws/install/talker_listner/lib/python3.10/site-packages/talker_listner-0.0.0-py3.10.egg-info' (and everything under it)
[1.768s] Copying ../../build/talker_listner/talker_listner.egg-info to /home/nippun/ros2_ws/install/talker_listner/lib/python3.10/site-packages/talker_listner-0.0.0-py3.10.egg-info
[1.769s] running install_scripts
[1.801s] Installing listnert script to /home/nippun/ros2_ws/install/talker_listner/lib/talker_listner
[1.802s] Installing talker script to /home/nippun/ros2_ws/install/talker_listner/lib/talker_listner
[1.802s] writing list of installed files to '/home/nippun/ros2_ws/build/talker_listner/install.log'
[1.878s] Invoked command in '/home/nippun/ros2_ws/src/talker_listner' returned '0': PYTHONPATH=/home/nippun/ros2_ws/install/talker_listner/lib/python3.10/site-packages:${PYTHONPATH} /usr/bin/python3 setup.py egg_info --egg-base ../../build/talker_listner build --build-base /home/nippun/ros2_ws/build/talker_listner/build install --prefix /home/nippun/ros2_ws/install/talker_listner --record /home/nippun/ros2_ws/build/talker_listner/install.log --single-version-externally-managed
