[2.098s] Invoking command in '/home/nippun/ros2_ws/src/my_first_package': PYTHONPATH=/home/nippun/ros2_ws/install/my_first_package/lib/python3.10/site-packages:${PYTHONPATH} /usr/bin/python3 setup.py egg_info --egg-base ../../build/my_first_package build --build-base /home/nippun/ros2_ws/build/my_first_package/build install --prefix /home/nippun/ros2_ws/install/my_first_package --record /home/nippun/ros2_ws/build/my_first_package/install.log --single-version-externally-managed
[2.726s] running egg_info
[2.728s] writing ../../build/my_first_package/my_first_package.egg-info/PKG-INFO
[2.731s] writing dependency_links to ../../build/my_first_package/my_first_package.egg-info/dependency_links.txt
[2.731s] writing entry points to ../../build/my_first_package/my_first_package.egg-info/entry_points.txt
[2.731s] writing requirements to ../../build/my_first_package/my_first_package.egg-info/requires.txt
[2.732s] writing top-level names to ../../build/my_first_package/my_first_package.egg-info/top_level.txt
[2.733s] reading manifest file '../../build/my_first_package/my_first_package.egg-info/SOURCES.txt'
[2.734s] writing manifest file '../../build/my_first_package/my_first_package.egg-info/SOURCES.txt'
[2.734s] running build
[2.734s] running build_py
[2.735s] running install
[2.735s] /usr/lib/python3/dist-packages/setuptools/command/install.py:34: SetuptoolsDeprecationWarning: setup.py install is deprecated. Use build and pip and other standards-based tools.
[2.735s]   warnings.warn(
[2.736s] running install_lib
[2.737s] running install_data
[2.738s] running install_egg_info
[2.741s] removing '/home/nippun/ros2_ws/install/my_first_package/lib/python3.10/site-packages/my_first_package-0.0.0-py3.10.egg-info' (and everything under it)
[2.741s] Copying ../../build/my_first_package/my_first_package.egg-info to /home/nippun/ros2_ws/install/my_first_package/lib/python3.10/site-packages/my_first_package-0.0.0-py3.10.egg-info
[2.743s] running install_scripts
[2.773s] Installing my_node script to /home/nippun/ros2_ws/install/my_first_package/lib/my_first_package
[2.774s] writing list of installed files to '/home/nippun/ros2_ws/build/my_first_package/install.log'
[2.814s] Invoked command in '/home/nippun/ros2_ws/src/my_first_package' returned '0': PYTHONPATH=/home/nippun/ros2_ws/install/my_first_package/lib/python3.10/site-packages:${PYTHONPATH} /usr/bin/python3 setup.py egg_info --egg-base ../../build/my_first_package build --build-base /home/nippun/ros2_ws/build/my_first_package/build install --prefix /home/nippun/ros2_ws/install/my_first_package --record /home/nippun/ros2_ws/build/my_first_package/install.log --single-version-externally-managed
