[0.443s] DEBUG:colcon:Command line arguments: ['/usr/bin/colcon', 'build']
[0.443s] DEBUG:colcon:Parsed command line arguments: Namespace(log_base=None, log_level=None, verb_name='build', build_base='build', install_base='install', merge_install=False, symlink_install=False, test_result_base=None, continue_on_error=False, executor='parallel', parallel_workers=4, event_handlers=None, ignore_user_meta=False, metas=['./colcon.meta'], base_paths=['.'], packages_ignore=None, packages_ignore_regex=None, paths=None, packages_up_to=None, packages_up_to_regex=None, packages_above=None, packages_above_and_dependencies=None, packages_above_depth=None, packages_select_by_dep=None, packages_skip_by_dep=None, packages_skip_up_to=None, packages_select_build_failed=False, packages_skip_build_finished=False, packages_select_test_failures=False, packages_skip_test_passed=False, packages_select=None, packages_skip=None, packages_select_regex=None, packages_skip_regex=None, packages_start=None, packages_end=None, allow_overriding=[], cmake_args=None, cmake_target=None, cmake_target_skip_unavailable=False, cmake_clean_cache=False, cmake_clean_first=False, cmake_force_configure=False, ament_cmake_args=None, catkin_cmake_args=None, catkin_skip_building_tests=False, verb_parser=<colcon_defaults.argument_parser.defaults.DefaultArgumentsDecorator object at 0x7f2a4e1b2830>, verb_extension=<colcon_core.verb.build.BuildVerb object at 0x7f2a4ead7a30>, main=<bound method BuildVerb.main of <colcon_core.verb.build.BuildVerb object at 0x7f2a4ead7a30>>)
[0.475s] Level 1:colcon.colcon_core.package_discovery:discover_packages(colcon_meta) check parameters
[0.475s] Level 1:colcon.colcon_core.package_discovery:discover_packages(recursive) check parameters
[0.475s] Level 1:colcon.colcon_core.package_discovery:discover_packages(ignore) check parameters
[0.475s] Level 1:colcon.colcon_core.package_discovery:discover_packages(path) check parameters
[0.475s] Level 1:colcon.colcon_core.package_discovery:discover_packages(colcon_meta) discover
[0.475s] Level 1:colcon.colcon_core.package_discovery:discover_packages(recursive) discover
[0.475s] INFO:colcon.colcon_core.package_discovery:Crawling recursively for packages in '/home/nippun/ros2_ws'
[0.475s] Level 1:colcon.colcon_core.package_identification:_identify(.) by extensions ['ignore', 'ignore_ament_install']
[0.475s] Level 1:colcon.colcon_core.package_identification:_identify(.) by extension 'ignore'
[0.475s] Level 1:colcon.colcon_core.package_identification:_identify(.) by extension 'ignore_ament_install'
[0.476s] Level 1:colcon.colcon_core.package_identification:_identify(.) by extensions ['colcon_pkg']
[0.476s] Level 1:colcon.colcon_core.package_identification:_identify(.) by extension 'colcon_pkg'
[0.476s] Level 1:colcon.colcon_core.package_identification:_identify(.) by extensions ['colcon_meta']
[0.476s] Level 1:colcon.colcon_core.package_identification:_identify(.) by extension 'colcon_meta'
[0.476s] Level 1:colcon.colcon_core.package_identification:_identify(.) by extensions ['ros']
[0.476s] Level 1:colcon.colcon_core.package_identification:_identify(.) by extension 'ros'
[0.511s] Level 1:colcon.colcon_core.package_identification:_identify(.) by extensions ['cmake', 'python']
[0.512s] Level 1:colcon.colcon_core.package_identification:_identify(.) by extension 'cmake'
[0.512s] Level 1:colcon.colcon_core.package_identification:_identify(.) by extension 'python'
[0.512s] Level 1:colcon.colcon_core.package_identification:_identify(.) by extensions ['python_setup_py']
[0.512s] Level 1:colcon.colcon_core.package_identification:_identify(.) by extension 'python_setup_py'
[0.512s] Level 1:colcon.colcon_core.package_identification:_identify(build) by extensions ['ignore', 'ignore_ament_install']
[0.512s] Level 1:colcon.colcon_core.package_identification:_identify(build) by extension 'ignore'
[0.512s] Level 1:colcon.colcon_core.package_identification:_identify(build) ignored
[0.512s] Level 1:colcon.colcon_core.package_identification:_identify(install) by extensions ['ignore', 'ignore_ament_install']
[0.512s] Level 1:colcon.colcon_core.package_identification:_identify(install) by extension 'ignore'
[0.513s] Level 1:colcon.colcon_core.package_identification:_identify(install) ignored
[0.513s] Level 1:colcon.colcon_core.package_identification:_identify(log) by extensions ['ignore', 'ignore_ament_install']
[0.513s] Level 1:colcon.colcon_core.package_identification:_identify(log) by extension 'ignore'
[0.513s] Level 1:colcon.colcon_core.package_identification:_identify(log) ignored
[0.513s] Level 1:colcon.colcon_core.package_identification:_identify(src) by extensions ['ignore', 'ignore_ament_install']
[0.513s] Level 1:colcon.colcon_core.package_identification:_identify(src) by extension 'ignore'
[0.513s] Level 1:colcon.colcon_core.package_identification:_identify(src) by extension 'ignore_ament_install'
[0.513s] Level 1:colcon.colcon_core.package_identification:_identify(src) by extensions ['colcon_pkg']
[0.513s] Level 1:colcon.colcon_core.package_identification:_identify(src) by extension 'colcon_pkg'
[0.513s] Level 1:colcon.colcon_core.package_identification:_identify(src) by extensions ['colcon_meta']
[0.514s] Level 1:colcon.colcon_core.package_identification:_identify(src) by extension 'colcon_meta'
[0.514s] Level 1:colcon.colcon_core.package_identification:_identify(src) by extensions ['ros']
[0.514s] Level 1:colcon.colcon_core.package_identification:_identify(src) by extension 'ros'
[0.514s] Level 1:colcon.colcon_core.package_identification:_identify(src) by extensions ['cmake', 'python']
[0.514s] Level 1:colcon.colcon_core.package_identification:_identify(src) by extension 'cmake'
[0.514s] Level 1:colcon.colcon_core.package_identification:_identify(src) by extension 'python'
[0.514s] Level 1:colcon.colcon_core.package_identification:_identify(src) by extensions ['python_setup_py']
[0.514s] Level 1:colcon.colcon_core.package_identification:_identify(src) by extension 'python_setup_py'
[0.514s] Level 1:colcon.colcon_core.package_identification:_identify(src/my_first_package) by extensions ['ignore', 'ignore_ament_install']
[0.514s] Level 1:colcon.colcon_core.package_identification:_identify(src/my_first_package) by extension 'ignore'
[0.514s] Level 1:colcon.colcon_core.package_identification:_identify(src/my_first_package) by extension 'ignore_ament_install'
[0.514s] Level 1:colcon.colcon_core.package_identification:_identify(src/my_first_package) by extensions ['colcon_pkg']
[0.514s] Level 1:colcon.colcon_core.package_identification:_identify(src/my_first_package) by extension 'colcon_pkg'
[0.515s] Level 1:colcon.colcon_core.package_identification:_identify(src/my_first_package) by extensions ['colcon_meta']
[0.515s] Level 1:colcon.colcon_core.package_identification:_identify(src/my_first_package) by extension 'colcon_meta'
[0.515s] Level 1:colcon.colcon_core.package_identification:_identify(src/my_first_package) by extensions ['ros']
[0.515s] Level 1:colcon.colcon_core.package_identification:_identify(src/my_first_package) by extension 'ros'
[0.519s] DEBUG:colcon.colcon_core.package_identification:Package 'src/my_first_package' with type 'ros.ament_python' and name 'my_first_package'
[0.519s] Level 1:colcon.colcon_core.package_identification:_identify(src/talker_listner) by extensions ['ignore', 'ignore_ament_install']
[0.519s] Level 1:colcon.colcon_core.package_identification:_identify(src/talker_listner) by extension 'ignore'
[0.519s] Level 1:colcon.colcon_core.package_identification:_identify(src/talker_listner) by extension 'ignore_ament_install'
[0.519s] Level 1:colcon.colcon_core.package_identification:_identify(src/talker_listner) by extensions ['colcon_pkg']
[0.520s] Level 1:colcon.colcon_core.package_identification:_identify(src/talker_listner) by extension 'colcon_pkg'
[0.520s] Level 1:colcon.colcon_core.package_identification:_identify(src/talker_listner) by extensions ['colcon_meta']
[0.520s] Level 1:colcon.colcon_core.package_identification:_identify(src/talker_listner) by extension 'colcon_meta'
[0.520s] Level 1:colcon.colcon_core.package_identification:_identify(src/talker_listner) by extensions ['ros']
[0.520s] Level 1:colcon.colcon_core.package_identification:_identify(src/talker_listner) by extension 'ros'
[0.521s] DEBUG:colcon.colcon_core.package_identification:Package 'src/talker_listner' with type 'ros.ament_python' and name 'talker_listner'
[0.521s] Level 1:colcon.colcon_core.package_discovery:discover_packages(recursive) using defaults
[0.521s] Level 1:colcon.colcon_core.package_discovery:discover_packages(ignore) discover
[0.521s] Level 1:colcon.colcon_core.package_discovery:discover_packages(ignore) using defaults
[0.521s] Level 1:colcon.colcon_core.package_discovery:discover_packages(path) discover
[0.521s] Level 1:colcon.colcon_core.package_discovery:discover_packages(path) using defaults
[0.553s] Level 1:colcon.colcon_core.package_discovery:discover_packages(prefix_path) check parameters
[0.553s] Level 1:colcon.colcon_core.package_discovery:discover_packages(prefix_path) discover
[0.556s] DEBUG:colcon.colcon_installed_package_information.package_discovery:Found 2 installed packages in /home/nippun/ros2_ws/install
[0.559s] DEBUG:colcon.colcon_installed_package_information.package_discovery:Found 279 installed packages in /opt/ros/humble
[0.562s] Level 1:colcon.colcon_core.package_discovery:discover_packages(prefix_path) using defaults
[0.656s] Level 5:colcon.colcon_core.verb:set package 'my_first_package' build argument 'cmake_args' from command line to 'None'
[0.656s] Level 5:colcon.colcon_core.verb:set package 'my_first_package' build argument 'cmake_target' from command line to 'None'
[0.656s] Level 5:colcon.colcon_core.verb:set package 'my_first_package' build argument 'cmake_target_skip_unavailable' from command line to 'False'
[0.656s] Level 5:colcon.colcon_core.verb:set package 'my_first_package' build argument 'cmake_clean_cache' from command line to 'False'
[0.656s] Level 5:colcon.colcon_core.verb:set package 'my_first_package' build argument 'cmake_clean_first' from command line to 'False'
[0.656s] Level 5:colcon.colcon_core.verb:set package 'my_first_package' build argument 'cmake_force_configure' from command line to 'False'
[0.656s] Level 5:colcon.colcon_core.verb:set package 'my_first_package' build argument 'ament_cmake_args' from command line to 'None'
[0.656s] Level 5:colcon.colcon_core.verb:set package 'my_first_package' build argument 'catkin_cmake_args' from command line to 'None'
[0.656s] Level 5:colcon.colcon_core.verb:set package 'my_first_package' build argument 'catkin_skip_building_tests' from command line to 'False'
[0.656s] DEBUG:colcon.colcon_core.verb:Building package 'my_first_package' with the following arguments: {'ament_cmake_args': None, 'build_base': '/home/nippun/ros2_ws/build/my_first_package', 'catkin_cmake_args': None, 'catkin_skip_building_tests': False, 'cmake_args': None, 'cmake_clean_cache': False, 'cmake_clean_first': False, 'cmake_force_configure': False, 'cmake_target': None, 'cmake_target_skip_unavailable': False, 'install_base': '/home/nippun/ros2_ws/install/my_first_package', 'merge_install': False, 'path': '/home/nippun/ros2_ws/src/my_first_package', 'symlink_install': False, 'test_result_base': None}
[0.658s] Level 5:colcon.colcon_core.verb:set package 'talker_listner' build argument 'cmake_args' from command line to 'None'
[0.658s] Level 5:colcon.colcon_core.verb:set package 'talker_listner' build argument 'cmake_target' from command line to 'None'
[0.658s] Level 5:colcon.colcon_core.verb:set package 'talker_listner' build argument 'cmake_target_skip_unavailable' from command line to 'False'
[0.658s] Level 5:colcon.colcon_core.verb:set package 'talker_listner' build argument 'cmake_clean_cache' from command line to 'False'
[0.658s] Level 5:colcon.colcon_core.verb:set package 'talker_listner' build argument 'cmake_clean_first' from command line to 'False'
[0.658s] Level 5:colcon.colcon_core.verb:set package 'talker_listner' build argument 'cmake_force_configure' from command line to 'False'
[0.658s] Level 5:colcon.colcon_core.verb:set package 'talker_listner' build argument 'ament_cmake_args' from command line to 'None'
[0.658s] Level 5:colcon.colcon_core.verb:set package 'talker_listner' build argument 'catkin_cmake_args' from command line to 'None'
[0.658s] Level 5:colcon.colcon_core.verb:set package 'talker_listner' build argument 'catkin_skip_building_tests' from command line to 'False'
[0.658s] DEBUG:colcon.colcon_core.verb:Building package 'talker_listner' with the following arguments: {'ament_cmake_args': None, 'build_base': '/home/nippun/ros2_ws/build/talker_listner', 'catkin_cmake_args': None, 'catkin_skip_building_tests': False, 'cmake_args': None, 'cmake_clean_cache': False, 'cmake_clean_first': False, 'cmake_force_configure': False, 'cmake_target': None, 'cmake_target_skip_unavailable': False, 'install_base': '/home/nippun/ros2_ws/install/talker_listner', 'merge_install': False, 'path': '/home/nippun/ros2_ws/src/talker_listner', 'symlink_install': False, 'test_result_base': None}
[0.659s] INFO:colcon.colcon_core.executor:Executing jobs using 'parallel' executor
[0.666s] DEBUG:colcon.colcon_parallel_executor.executor.parallel:run_until_complete
[0.666s] INFO:colcon.colcon_ros.task.ament_python.build:Building ROS package in '/home/nippun/ros2_ws/src/my_first_package' with build type 'ament_python'
[0.666s] Level 1:colcon.colcon_core.shell:create_environment_hook('my_first_package', 'ament_prefix_path')
[0.673s] INFO:colcon.colcon_core.plugin_system:Skipping extension 'colcon_core.shell.bat': Not used on non-Windows systems
[0.674s] INFO:colcon.colcon_core.shell:Creating environment hook '/home/nippun/ros2_ws/install/my_first_package/share/my_first_package/hook/ament_prefix_path.ps1'
[0.674s] INFO:colcon.colcon_core.shell:Creating environment descriptor '/home/nippun/ros2_ws/install/my_first_package/share/my_first_package/hook/ament_prefix_path.dsv'
[0.675s] INFO:colcon.colcon_core.shell:Creating environment hook '/home/nippun/ros2_ws/install/my_first_package/share/my_first_package/hook/ament_prefix_path.sh'
[0.678s] INFO:colcon.colcon_core.shell:Skip shell extension 'powershell' for command environment: Not usable outside of PowerShell
[0.678s] DEBUG:colcon.colcon_core.shell:Skip shell extension 'dsv' for command environment
[0.686s] INFO:colcon.colcon_ros.task.ament_python.build:Building ROS package in '/home/nippun/ros2_ws/src/talker_listner' with build type 'ament_python'
[0.686s] Level 1:colcon.colcon_core.shell:create_environment_hook('talker_listner', 'ament_prefix_path')
[0.688s] INFO:colcon.colcon_core.shell:Creating environment hook '/home/nippun/ros2_ws/install/talker_listner/share/talker_listner/hook/ament_prefix_path.ps1'
[0.689s] INFO:colcon.colcon_core.shell:Creating environment descriptor '/home/nippun/ros2_ws/install/talker_listner/share/talker_listner/hook/ament_prefix_path.dsv'
[0.690s] INFO:colcon.colcon_core.shell:Creating environment hook '/home/nippun/ros2_ws/install/talker_listner/share/talker_listner/hook/ament_prefix_path.sh'
[0.692s] INFO:colcon.colcon_core.shell:Skip shell extension 'powershell' for command environment: Not usable outside of PowerShell
[0.692s] DEBUG:colcon.colcon_core.shell:Skip shell extension 'dsv' for command environment
[1.076s] INFO:colcon.colcon_core.task.python.build:Building Python package in '/home/nippun/ros2_ws/src/my_first_package'
[1.079s] INFO:colcon.colcon_core.shell:Skip shell extension 'powershell' for command environment: Not usable outside of PowerShell
[1.079s] DEBUG:colcon.colcon_core.shell:Skip shell extension 'dsv' for command environment
[1.464s] INFO:colcon.colcon_core.task.python.build:Building Python package in '/home/nippun/ros2_ws/src/talker_listner'
[1.470s] INFO:colcon.colcon_core.shell:Skip shell extension 'powershell' for command environment: Not usable outside of PowerShell
[1.470s] DEBUG:colcon.colcon_core.shell:Skip shell extension 'dsv' for command environment
[2.045s] DEBUG:colcon.colcon_core.event_handler.log_command:Invoking command in '/home/nippun/ros2_ws/src/my_first_package': PYTHONPATH=/home/nippun/ros2_ws/install/my_first_package/lib/python3.10/site-packages:${PYTHONPATH} /usr/bin/python3 setup.py egg_info --egg-base ../../build/my_first_package build --build-base /home/nippun/ros2_ws/build/my_first_package/build install --prefix /home/nippun/ros2_ws/install/my_first_package --record /home/nippun/ros2_ws/build/my_first_package/install.log --single-version-externally-managed
[2.056s] DEBUG:colcon.colcon_core.event_handler.log_command:Invoking command in '/home/nippun/ros2_ws/src/talker_listner': PYTHONPATH=/home/nippun/ros2_ws/install/talker_listner/lib/python3.10/site-packages:${PYTHONPATH} /usr/bin/python3 setup.py egg_info --egg-base ../../build/talker_listner build --build-base /home/nippun/ros2_ws/build/talker_listner/build install --prefix /home/nippun/ros2_ws/install/talker_listner --record /home/nippun/ros2_ws/build/talker_listner/install.log --single-version-externally-managed
[2.537s] DEBUG:colcon.colcon_core.event_handler.log_command:Invoked command in '/home/nippun/ros2_ws/src/my_first_package' returned '0': PYTHONPATH=/home/nippun/ros2_ws/install/my_first_package/lib/python3.10/site-packages:${PYTHONPATH} /usr/bin/python3 setup.py egg_info --egg-base ../../build/my_first_package build --build-base /home/nippun/ros2_ws/build/my_first_package/build install --prefix /home/nippun/ros2_ws/install/my_first_package --record /home/nippun/ros2_ws/build/my_first_package/install.log --single-version-externally-managed
[2.544s] Level 1:colcon.colcon_core.environment:checking '/home/nippun/ros2_ws/install/my_first_package' for CMake module files
[2.544s] Level 1:colcon.colcon_core.environment:checking '/home/nippun/ros2_ws/install/my_first_package' for CMake config files
[2.545s] Level 1:colcon.colcon_core.environment:checking '/home/nippun/ros2_ws/install/my_first_package/lib'
[2.545s] Level 1:colcon.colcon_core.environment:checking '/home/nippun/ros2_ws/install/my_first_package/bin'
[2.546s] Level 1:colcon.colcon_core.environment:checking '/home/nippun/ros2_ws/install/my_first_package/lib/pkgconfig/my_first_package.pc'
[2.546s] Level 1:colcon.colcon_core.environment:checking '/home/nippun/ros2_ws/install/my_first_package/lib/python3.10/site-packages'
[2.546s] Level 1:colcon.colcon_core.shell:create_environment_hook('my_first_package', 'pythonpath')
[2.548s] INFO:colcon.colcon_core.shell:Creating environment hook '/home/nippun/ros2_ws/install/my_first_package/share/my_first_package/hook/pythonpath.ps1'
[2.549s] INFO:colcon.colcon_core.shell:Creating environment descriptor '/home/nippun/ros2_ws/install/my_first_package/share/my_first_package/hook/pythonpath.dsv'
[2.549s] INFO:colcon.colcon_core.shell:Creating environment hook '/home/nippun/ros2_ws/install/my_first_package/share/my_first_package/hook/pythonpath.sh'
[2.550s] Level 1:colcon.colcon_core.environment:checking '/home/nippun/ros2_ws/install/my_first_package/bin'
[2.550s] Level 1:colcon.colcon_core.environment:create_environment_scripts_only(my_first_package)
[2.552s] INFO:colcon.colcon_core.shell:Creating package script '/home/nippun/ros2_ws/install/my_first_package/share/my_first_package/package.ps1'
[2.554s] INFO:colcon.colcon_core.shell:Creating package descriptor '/home/nippun/ros2_ws/install/my_first_package/share/my_first_package/package.dsv'
[2.554s] INFO:colcon.colcon_core.shell:Creating package script '/home/nippun/ros2_ws/install/my_first_package/share/my_first_package/package.sh'
[2.555s] INFO:colcon.colcon_core.shell:Creating package script '/home/nippun/ros2_ws/install/my_first_package/share/my_first_package/package.bash'
[2.556s] INFO:colcon.colcon_core.shell:Creating package script '/home/nippun/ros2_ws/install/my_first_package/share/my_first_package/package.zsh'
[2.557s] Level 1:colcon.colcon_core.environment:create_file_with_runtime_dependencies(/home/nippun/ros2_ws/install/my_first_package/share/colcon-core/packages/my_first_package)
[2.563s] Level 1:colcon.colcon_core.environment:checking '/home/nippun/ros2_ws/install/talker_listner' for CMake module files
[2.565s] DEBUG:colcon.colcon_core.event_handler.log_command:Invoked command in '/home/nippun/ros2_ws/src/talker_listner' returned '0': PYTHONPATH=/home/nippun/ros2_ws/install/talker_listner/lib/python3.10/site-packages:${PYTHONPATH} /usr/bin/python3 setup.py egg_info --egg-base ../../build/talker_listner build --build-base /home/nippun/ros2_ws/build/talker_listner/build install --prefix /home/nippun/ros2_ws/install/talker_listner --record /home/nippun/ros2_ws/build/talker_listner/install.log --single-version-externally-managed
[2.565s] Level 1:colcon.colcon_core.environment:checking '/home/nippun/ros2_ws/install/talker_listner' for CMake config files
[2.566s] Level 1:colcon.colcon_core.environment:checking '/home/nippun/ros2_ws/install/talker_listner/lib'
[2.566s] Level 1:colcon.colcon_core.environment:checking '/home/nippun/ros2_ws/install/talker_listner/bin'
[2.566s] Level 1:colcon.colcon_core.environment:checking '/home/nippun/ros2_ws/install/talker_listner/lib/pkgconfig/talker_listner.pc'
[2.566s] Level 1:colcon.colcon_core.environment:checking '/home/nippun/ros2_ws/install/talker_listner/lib/python3.10/site-packages'
[2.566s] Level 1:colcon.colcon_core.shell:create_environment_hook('talker_listner', 'pythonpath')
[2.569s] INFO:colcon.colcon_core.shell:Creating environment hook '/home/nippun/ros2_ws/install/talker_listner/share/talker_listner/hook/pythonpath.ps1'
[2.569s] INFO:colcon.colcon_core.shell:Creating environment descriptor '/home/nippun/ros2_ws/install/talker_listner/share/talker_listner/hook/pythonpath.dsv'
[2.570s] INFO:colcon.colcon_core.shell:Creating environment hook '/home/nippun/ros2_ws/install/talker_listner/share/talker_listner/hook/pythonpath.sh'
[2.570s] Level 1:colcon.colcon_core.environment:checking '/home/nippun/ros2_ws/install/talker_listner/bin'
[2.571s] Level 1:colcon.colcon_core.environment:create_environment_scripts_only(talker_listner)
[2.574s] INFO:colcon.colcon_core.shell:Creating package script '/home/nippun/ros2_ws/install/talker_listner/share/talker_listner/package.ps1'
[2.575s] INFO:colcon.colcon_core.shell:Creating package descriptor '/home/nippun/ros2_ws/install/talker_listner/share/talker_listner/package.dsv'
[2.576s] INFO:colcon.colcon_core.shell:Creating package script '/home/nippun/ros2_ws/install/talker_listner/share/talker_listner/package.sh'
[2.577s] INFO:colcon.colcon_core.shell:Creating package script '/home/nippun/ros2_ws/install/talker_listner/share/talker_listner/package.bash'
[2.577s] INFO:colcon.colcon_core.shell:Creating package script '/home/nippun/ros2_ws/install/talker_listner/share/talker_listner/package.zsh'
[2.578s] Level 1:colcon.colcon_core.environment:create_file_with_runtime_dependencies(/home/nippun/ros2_ws/install/talker_listner/share/colcon-core/packages/talker_listner)
[2.578s] DEBUG:colcon.colcon_parallel_executor.executor.parallel:closing loop
[2.579s] DEBUG:colcon.colcon_parallel_executor.executor.parallel:loop closed
[2.579s] DEBUG:colcon.colcon_parallel_executor.executor.parallel:run_until_complete finished with '0'
[2.579s] DEBUG:colcon.colcon_core.event_reactor:joining thread
[2.596s] INFO:colcon.colcon_core.plugin_system:Skipping extension 'colcon_notification.desktop_notification.terminal_notifier': Not used on non-Darwin systems
[2.596s] INFO:colcon.colcon_core.plugin_system:Skipping extension 'colcon_notification.desktop_notification.win32': Not used on non-Windows systems
[2.596s] INFO:colcon.colcon_notification.desktop_notification:Sending desktop notification using 'notify2'
[2.613s] DEBUG:colcon.colcon_core.event_reactor:joined thread
[2.615s] INFO:colcon.colcon_core.shell:Creating prefix script '/home/nippun/ros2_ws/install/local_setup.ps1'
[2.617s] INFO:colcon.colcon_core.shell:Creating prefix util module '/home/nippun/ros2_ws/install/_local_setup_util_ps1.py'
[2.619s] INFO:colcon.colcon_core.shell:Creating prefix chain script '/home/nippun/ros2_ws/install/setup.ps1'
[2.621s] INFO:colcon.colcon_core.shell:Creating prefix script '/home/nippun/ros2_ws/install/local_setup.sh'
[2.622s] INFO:colcon.colcon_core.shell:Creating prefix util module '/home/nippun/ros2_ws/install/_local_setup_util_sh.py'
[2.622s] INFO:colcon.colcon_core.shell:Creating prefix chain script '/home/nippun/ros2_ws/install/setup.sh'
[2.625s] INFO:colcon.colcon_core.shell:Creating prefix script '/home/nippun/ros2_ws/install/local_setup.bash'
[2.625s] INFO:colcon.colcon_core.shell:Creating prefix chain script '/home/nippun/ros2_ws/install/setup.bash'
[2.628s] INFO:colcon.colcon_core.shell:Creating prefix script '/home/nippun/ros2_ws/install/local_setup.zsh'
[2.628s] INFO:colcon.colcon_core.shell:Creating prefix chain script '/home/nippun/ros2_ws/install/setup.zsh'
