[0.921s] Invoking command in '/home/nippun/ros2_ws/src/my_first_package': PYTHONPATH=/home/nippun/ros2_ws/install/my_first_package/lib/python3.10/site-packages:${PYTHONPATH} /usr/bin/python3 setup.py egg_info --egg-base ../../build/my_first_package build --build-base /home/nippun/ros2_ws/build/my_first_package/build install --prefix /home/nippun/ros2_ws/install/my_first_package --record /home/nippun/ros2_ws/build/my_first_package/install.log --single-version-externally-managed
[1.273s] running egg_info
[1.274s] writing ../../build/my_first_package/my_first_package.egg-info/PKG-INFO
[1.274s] writing dependency_links to ../../build/my_first_package/my_first_package.egg-info/dependency_links.txt
[1.275s] writing entry points to ../../build/my_first_package/my_first_package.egg-info/entry_points.txt
[1.275s] writing requirements to ../../build/my_first_package/my_first_package.egg-info/requires.txt
[1.275s] writing top-level names to ../../build/my_first_package/my_first_package.egg-info/top_level.txt
[1.277s] reading manifest file '../../build/my_first_package/my_first_package.egg-info/SOURCES.txt'
[1.278s] writing manifest file '../../build/my_first_package/my_first_package.egg-info/SOURCES.txt'
[1.278s] running build
[1.279s] running build_py
[1.279s] copying my_first_package/my_node.py -> /home/nippun/ros2_ws/build/my_first_package/build/lib/my_first_package
[1.279s] running install
[1.279s] /usr/lib/python3/dist-packages/setuptools/command/install.py:34: SetuptoolsDeprecationWarning: setup.py install is deprecated. Use build and pip and other standards-based tools.
[1.280s]   warnings.warn(
[1.280s] running install_lib
[1.281s] copying /home/nippun/ros2_ws/build/my_first_package/build/lib/my_first_package/my_node.py -> /home/nippun/ros2_ws/install/my_first_package/lib/python3.10/site-packages/my_first_package
[1.282s] byte-compiling /home/nippun/ros2_ws/install/my_first_package/lib/python3.10/site-packages/my_first_package/my_node.py to my_node.cpython-310.pyc
[1.282s]   File "/home/nippun/ros2_ws/install/my_first_package/lib/python3.10/site-packages/my_first_package/my_node.py", line 6
[1.282s]     print('Hello World!!)
[1.282s]           ^
[1.282s] SyntaxError: unterminated string literal (detected at line 6)
[1.283s] 
[1.283s] running install_data
[1.283s] running install_egg_info
[1.285s] removing '/home/nippun/ros2_ws/install/my_first_package/lib/python3.10/site-packages/my_first_package-0.0.0-py3.10.egg-info' (and everything under it)
[1.285s] Copying ../../build/my_first_package/my_first_package.egg-info to /home/nippun/ros2_ws/install/my_first_package/lib/python3.10/site-packages/my_first_package-0.0.0-py3.10.egg-info
[1.286s] running install_scripts
[1.313s] Installing my_node script to /home/nippun/ros2_ws/install/my_first_package/lib/my_first_package
[1.314s] writing list of installed files to '/home/nippun/ros2_ws/build/my_first_package/install.log'
[1.355s] Invoked command in '/home/nippun/ros2_ws/src/my_first_package' returned '0': PYTHONPATH=/home/nippun/ros2_ws/install/my_first_package/lib/python3.10/site-packages:${PYTHONPATH} /usr/bin/python3 setup.py egg_info --egg-base ../../build/my_first_package build --build-base /home/nippun/ros2_ws/build/my_first_package/build install --prefix /home/nippun/ros2_ws/install/my_first_package --record /home/nippun/ros2_ws/build/my_first_package/install.log --single-version-externally-managed
