[2.146s] Invoking command in '/home/nippun/ros2_ws/src/tele_op': PYTHONPATH=/home/nippun/ros2_ws/install/tele_op/lib/python3.10/site-packages:${PYTHONPATH} /usr/bin/python3 setup.py egg_info --egg-base ../../build/tele_op build --build-base /home/nippun/ros2_ws/build/tele_op/build install --prefix /home/nippun/ros2_ws/install/tele_op --record /home/nippun/ros2_ws/build/tele_op/install.log --single-version-externally-managed
[2.722s] running egg_info
[2.724s] writing ../../build/tele_op/tele_op.egg-info/PKG-INFO
[2.724s] writing dependency_links to ../../build/tele_op/tele_op.egg-info/dependency_links.txt
[2.724s] writing entry points to ../../build/tele_op/tele_op.egg-info/entry_points.txt
[2.725s] writing requirements to ../../build/tele_op/tele_op.egg-info/requires.txt
[2.725s] writing top-level names to ../../build/tele_op/tele_op.egg-info/top_level.txt
[2.729s] reading manifest file '../../build/tele_op/tele_op.egg-info/SOURCES.txt'
[2.731s] writing manifest file '../../build/tele_op/tele_op.egg-info/SOURCES.txt'
[2.732s] running build
[2.732s] running build_py
[2.732s] copying tele_op/key_detect.py -> /home/nippun/ros2_ws/build/tele_op/build/lib/tele_op
[2.733s] running install
[2.733s] /usr/lib/python3/dist-packages/setuptools/command/install.py:34: SetuptoolsDeprecationWarning: setup.py install is deprecated. Use build and pip and other standards-based tools.
[2.733s]   warnings.warn(
[2.733s] running install_lib
[2.735s] copying /home/nippun/ros2_ws/build/tele_op/build/lib/tele_op/key_detect.py -> /home/nippun/ros2_ws/install/tele_op/lib/python3.10/site-packages/tele_op
[2.736s] byte-compiling /home/nippun/ros2_ws/install/tele_op/lib/python3.10/site-packages/tele_op/key_detect.py to key_detect.cpython-310.pyc
[2.737s]   File "/home/nippun/ros2_ws/install/tele_op/lib/python3.10/site-packages/tele_op/key_detect.py", line 39
[2.738s]     	x= 
[2.738s]     	   ^
[2.738s] SyntaxError: invalid syntax
[2.738s] 
[2.738s] running install_data
[2.739s] running install_egg_info
[2.742s] removing '/home/nippun/ros2_ws/install/tele_op/lib/python3.10/site-packages/tele_op-0.0.0-py3.10.egg-info' (and everything under it)
[2.743s] Copying ../../build/tele_op/tele_op.egg-info to /home/nippun/ros2_ws/install/tele_op/lib/python3.10/site-packages/tele_op-0.0.0-py3.10.egg-info
[2.745s] running install_scripts
[2.792s] Installing key_detect script to /home/nippun/ros2_ws/install/tele_op/lib/tele_op
[2.793s] writing list of installed files to '/home/nippun/ros2_ws/build/tele_op/install.log'
[2.850s] Invoked command in '/home/nippun/ros2_ws/src/tele_op' returned '0': PYTHONPATH=/home/nippun/ros2_ws/install/tele_op/lib/python3.10/site-packages:${PYTHONPATH} /usr/bin/python3 setup.py egg_info --egg-base ../../build/tele_op build --build-base /home/nippun/ros2_ws/build/tele_op/build install --prefix /home/nippun/ros2_ws/install/tele_op --record /home/nippun/ros2_ws/build/tele_op/install.log --single-version-externally-managed
