running egg_info
creating ../../build/talker_listner/talker_listner.egg-info
writing ../../build/talker_listner/talker_listner.egg-info/PKG-INFO
writing dependency_links to ../../build/talker_listner/talker_listner.egg-info/dependency_links.txt
writing entry points to ../../build/talker_listner/talker_listner.egg-info/entry_points.txt
writing requirements to ../../build/talker_listner/talker_listner.egg-info/requires.txt
writing top-level names to ../../build/talker_listner/talker_listner.egg-info/top_level.txt
writing manifest file '../../build/talker_listner/talker_listner.egg-info/SOURCES.txt'
reading manifest file '../../build/talker_listner/talker_listner.egg-info/SOURCES.txt'
writing manifest file '../../build/talker_listner/talker_listner.egg-info/SOURCES.txt'
running build
running build_py
creating /home/nippun/ros2_ws/build/talker_listner/build
creating /home/nippun/ros2_ws/build/talker_listner/build/lib
creating /home/nippun/ros2_ws/build/talker_listner/build/lib/talker_listner
copying talker_listner/__init__.py -> /home/nippun/ros2_ws/build/talker_listner/build/lib/talker_listner
copying talker_listner/sub.py -> /home/nippun/ros2_ws/build/talker_listner/build/lib/talker_listner
copying talker_listner/pub.py -> /home/nippun/ros2_ws/build/talker_listner/build/lib/talker_listner
running install
/usr/lib/python3/dist-packages/setuptools/command/install.py:34: SetuptoolsDeprecationWarning: setup.py install is deprecated. Use build and pip and other standards-based tools.
  warnings.warn(
running install_lib
creating /home/nippun/ros2_ws/install/talker_listner/lib/python3.10/site-packages/talker_listner
copying /home/nippun/ros2_ws/build/talker_listner/build/lib/talker_listner/__init__.py -> /home/nippun/ros2_ws/install/talker_listner/lib/python3.10/site-packages/talker_listner
copying /home/nippun/ros2_ws/build/talker_listner/build/lib/talker_listner/sub.py -> /home/nippun/ros2_ws/install/talker_listner/lib/python3.10/site-packages/talker_listner
copying /home/nippun/ros2_ws/build/talker_listner/build/lib/talker_listner/pub.py -> /home/nippun/ros2_ws/install/talker_listner/lib/python3.10/site-packages/talker_listner
byte-compiling /home/nippun/ros2_ws/install/talker_listner/lib/python3.10/site-packages/talker_listner/__init__.py to __init__.cpython-310.pyc
byte-compiling /home/nippun/ros2_ws/install/talker_listner/lib/python3.10/site-packages/talker_listner/sub.py to sub.cpython-310.pyc
byte-compiling /home/nippun/ros2_ws/install/talker_listner/lib/python3.10/site-packages/talker_listner/pub.py to pub.cpython-310.pyc
running install_data
creating /home/nippun/ros2_ws/install/talker_listner/share/ament_index
creating /home/nippun/ros2_ws/install/talker_listner/share/ament_index/resource_index
creating /home/nippun/ros2_ws/install/talker_listner/share/ament_index/resource_index/packages
copying resource/talker_listner -> /home/nippun/ros2_ws/install/talker_listner/share/ament_index/resource_index/packages
copying package.xml -> /home/nippun/ros2_ws/install/talker_listner/share/talker_listner
running install_egg_info
Copying ../../build/talker_listner/talker_listner.egg-info to /home/nippun/ros2_ws/install/talker_listner/lib/python3.10/site-packages/talker_listner-0.0.0-py3.10.egg-info
running install_scripts
Installing listnert script to /home/nippun/ros2_ws/install/talker_listner/lib/talker_listner
Installing talker script to /home/nippun/ros2_ws/install/talker_listner/lib/talker_listner
writing list of installed files to '/home/nippun/ros2_ws/build/talker_listner/install.log'
