[1.388s] Invoking command in '/home/nippun/ros2_ws/src/talker_listner': PYTHONPATH=/home/nippun/ros2_ws/install/talker_listner/lib/python3.10/site-packages:${PYTHONPATH} /usr/bin/python3 setup.py egg_info --egg-base ../../build/talker_listner build --build-base /home/nippun/ros2_ws/build/talker_listner/build install --prefix /home/nippun/ros2_ws/install/talker_listner --record /home/nippun/ros2_ws/build/talker_listner/install.log --single-version-externally-managed
[1.823s] running egg_info
[1.825s] creating ../../build/talker_listner/talker_listner.egg-info
[1.825s] writing ../../build/talker_listner/talker_listner.egg-info/PKG-INFO
[1.826s] writing dependency_links to ../../build/talker_listner/talker_listner.egg-info/dependency_links.txt
[1.826s] writing entry points to ../../build/talker_listner/talker_listner.egg-info/entry_points.txt
[1.826s] writing requirements to ../../build/talker_listner/talker_listner.egg-info/requires.txt
[1.827s] writing top-level names to ../../build/talker_listner/talker_listner.egg-info/top_level.txt
[1.827s] writing manifest file '../../build/talker_listner/talker_listner.egg-info/SOURCES.txt'
[1.830s] reading manifest file '../../build/talker_listner/talker_listner.egg-info/SOURCES.txt'
[1.831s] writing manifest file '../../build/talker_listner/talker_listner.egg-info/SOURCES.txt'
[1.831s] running build
[1.832s] running build_py
[1.832s] creating /home/nippun/ros2_ws/build/talker_listner/build
[1.832s] creating /home/nippun/ros2_ws/build/talker_listner/build/lib
[1.833s] creating /home/nippun/ros2_ws/build/talker_listner/build/lib/talker_listner
[1.833s] copying talker_listner/__init__.py -> /home/nippun/ros2_ws/build/talker_listner/build/lib/talker_listner
[1.833s] copying talker_listner/sub.py -> /home/nippun/ros2_ws/build/talker_listner/build/lib/talker_listner
[1.833s] copying talker_listner/pub.py -> /home/nippun/ros2_ws/build/talker_listner/build/lib/talker_listner
[1.834s] running install
[1.834s] /usr/lib/python3/dist-packages/setuptools/command/install.py:34: SetuptoolsDeprecationWarning: setup.py install is deprecated. Use build and pip and other standards-based tools.
[1.834s]   warnings.warn(
[1.834s] running install_lib
[1.835s] creating /home/nippun/ros2_ws/install/talker_listner/lib/python3.10/site-packages/talker_listner
[1.835s] copying /home/nippun/ros2_ws/build/talker_listner/build/lib/talker_listner/__init__.py -> /home/nippun/ros2_ws/install/talker_listner/lib/python3.10/site-packages/talker_listner
[1.835s] copying /home/nippun/ros2_ws/build/talker_listner/build/lib/talker_listner/sub.py -> /home/nippun/ros2_ws/install/talker_listner/lib/python3.10/site-packages/talker_listner
[1.836s] copying /home/nippun/ros2_ws/build/talker_listner/build/lib/talker_listner/pub.py -> /home/nippun/ros2_ws/install/talker_listner/lib/python3.10/site-packages/talker_listner
[1.837s] byte-compiling /home/nippun/ros2_ws/install/talker_listner/lib/python3.10/site-packages/talker_listner/__init__.py to __init__.cpython-310.pyc
[1.837s] byte-compiling /home/nippun/ros2_ws/install/talker_listner/lib/python3.10/site-packages/talker_listner/sub.py to sub.cpython-310.pyc
[1.838s] byte-compiling /home/nippun/ros2_ws/install/talker_listner/lib/python3.10/site-packages/talker_listner/pub.py to pub.cpython-310.pyc
[1.839s] running install_data
[1.840s] creating /home/nippun/ros2_ws/install/talker_listner/share/ament_index
[1.840s] creating /home/nippun/ros2_ws/install/talker_listner/share/ament_index/resource_index
[1.840s] creating /home/nippun/ros2_ws/install/talker_listner/share/ament_index/resource_index/packages
[1.841s] copying resource/talker_listner -> /home/nippun/ros2_ws/install/talker_listner/share/ament_index/resource_index/packages
[1.844s] copying package.xml -> /home/nippun/ros2_ws/install/talker_listner/share/talker_listner
[1.844s] running install_egg_info
[1.845s] Copying ../../build/talker_listner/talker_listner.egg-info to /home/nippun/ros2_ws/install/talker_listner/lib/python3.10/site-packages/talker_listner-0.0.0-py3.10.egg-info
[1.846s] running install_scripts
[1.878s] Installing listnert script to /home/nippun/ros2_ws/install/talker_listner/lib/talker_listner
[1.878s] Installing talker script to /home/nippun/ros2_ws/install/talker_listner/lib/talker_listner
[1.878s] writing list of installed files to '/home/nippun/ros2_ws/build/talker_listner/install.log'
[1.926s] Invoked command in '/home/nippun/ros2_ws/src/talker_listner' returned '0': PYTHONPATH=/home/nippun/ros2_ws/install/talker_listner/lib/python3.10/site-packages:${PYTHONPATH} /usr/bin/python3 setup.py egg_info --egg-base ../../build/talker_listner build --build-base /home/nippun/ros2_ws/build/talker_listner/build install --prefix /home/nippun/ros2_ws/install/talker_listner --record /home/nippun/ros2_ws/build/talker_listner/install.log --single-version-externally-managed
