[1.649s] Invoking command in '/home/nippun/ros2_ws/src/talker_listner': PYTHONPATH=/home/nippun/ros2_ws/install/talker_listner/lib/python3.10/site-packages:${PYTHONPATH} /usr/bin/python3 setup.py egg_info --egg-base ../../build/talker_listner build --build-base /home/nippun/ros2_ws/build/talker_listner/build install --prefix /home/nippun/ros2_ws/install/talker_listner --record /home/nippun/ros2_ws/build/talker_listner/install.log --single-version-externally-managed
[2.036s] running egg_info
[2.037s] writing ../../build/talker_listner/talker_listner.egg-info/PKG-INFO
[2.038s] writing dependency_links to ../../build/talker_listner/talker_listner.egg-info/dependency_links.txt
[2.038s] writing entry points to ../../build/talker_listner/talker_listner.egg-info/entry_points.txt
[2.038s] writing requirements to ../../build/talker_listner/talker_listner.egg-info/requires.txt
[2.039s] writing top-level names to ../../build/talker_listner/talker_listner.egg-info/top_level.txt
[2.043s] reading manifest file '../../build/talker_listner/talker_listner.egg-info/SOURCES.txt'
[2.044s] writing manifest file '../../build/talker_listner/talker_listner.egg-info/SOURCES.txt'
[2.044s] running build
[2.045s] running build_py
[2.045s] running install
[2.045s] /usr/lib/python3/dist-packages/setuptools/command/install.py:34: SetuptoolsDeprecationWarning: setup.py install is deprecated. Use build and pip and other standards-based tools.
[2.046s]   warnings.warn(
[2.046s] running install_lib
[2.048s] running install_data
[2.049s] running install_egg_info
[2.051s] removing '/home/nippun/ros2_ws/install/talker_listner/lib/python3.10/site-packages/talker_listner-0.0.0-py3.10.egg-info' (and everything under it)
[2.051s] Copying ../../build/talker_listner/talker_listner.egg-info to /home/nippun/ros2_ws/install/talker_listner/lib/python3.10/site-packages/talker_listner-0.0.0-py3.10.egg-info
[2.053s] running install_scripts
[2.083s] Installing listnert script to /home/nippun/ros2_ws/install/talker_listner/lib/talker_listner
[2.083s] Installing talker script to /home/nippun/ros2_ws/install/talker_listner/lib/talker_listner
[2.084s] writing list of installed files to '/home/nippun/ros2_ws/build/talker_listner/install.log'
[2.155s] Invoked command in '/home/nippun/ros2_ws/src/talker_listner' returned '0': PYTHONPATH=/home/nippun/ros2_ws/install/talker_listner/lib/python3.10/site-packages:${PYTHONPATH} /usr/bin/python3 setup.py egg_info --egg-base ../../build/talker_listner build --build-base /home/nippun/ros2_ws/build/talker_listner/build install --prefix /home/nippun/ros2_ws/install/talker_listner --record /home/nippun/ros2_ws/build/talker_listner/install.log --single-version-externally-managed
