running egg_info
writing ../../build/tele_op/tele_op.egg-info/PKG-INFO
writing dependency_links to ../../build/tele_op/tele_op.egg-info/dependency_links.txt
writing entry points to ../../build/tele_op/tele_op.egg-info/entry_points.txt
writing requirements to ../../build/tele_op/tele_op.egg-info/requires.txt
writing top-level names to ../../build/tele_op/tele_op.egg-info/top_level.txt
reading manifest file '../../build/tele_op/tele_op.egg-info/SOURCES.txt'
writing manifest file '../../build/tele_op/tele_op.egg-info/SOURCES.txt'
running build
running build_py
copying tele_op/key_detect.py -> /home/nippun/ros2_ws/build/tele_op/build/lib/tele_op
running install
running install_lib
copying /home/nippun/ros2_ws/build/tele_op/build/lib/tele_op/key_detect.py -> /home/nippun/ros2_ws/install/tele_op/lib/python3.10/site-packages/tele_op
byte-compiling /home/nippun/ros2_ws/install/tele_op/lib/python3.10/site-packages/tele_op/key_detect.py to key_detect.cpython-310.pyc
running install_data
running install_egg_info
removing '/home/nippun/ros2_ws/install/tele_op/lib/python3.10/site-packages/tele_op-0.0.0-py3.10.egg-info' (and everything under it)
Copying ../../build/tele_op/tele_op.egg-info to /home/nippun/ros2_ws/install/tele_op/lib/python3.10/site-packages/tele_op-0.0.0-py3.10.egg-info
running install_scripts
Installing key_detect script to /home/nippun/ros2_ws/install/tele_op/lib/tele_op
writing list of installed files to '/home/nippun/ros2_ws/build/tele_op/install.log'
