[0.938s] Invoking command in '/home/nippun/ros2_ws/src/my_first_package': PYTHONPATH=/home/nippun/ros2_ws/install/my_first_package/lib/python3.10/site-packages:${PYTHONPATH} /usr/bin/python3 setup.py egg_info --egg-base ../../build/my_first_package build --build-base /home/nippun/ros2_ws/build/my_first_package/build install --prefix /home/nippun/ros2_ws/install/my_first_package --record /home/nippun/ros2_ws/build/my_first_package/install.log --single-version-externally-managed
[1.307s] running egg_info
[1.309s] writing ../../build/my_first_package/my_first_package.egg-info/PKG-INFO
[1.309s] writing dependency_links to ../../build/my_first_package/my_first_package.egg-info/dependency_links.txt
[1.309s] writing entry points to ../../build/my_first_package/my_first_package.egg-info/entry_points.txt
[1.309s] writing requirements to ../../build/my_first_package/my_first_package.egg-info/requires.txt
[1.309s] writing top-level names to ../../build/my_first_package/my_first_package.egg-info/top_level.txt
[1.312s] reading manifest file '../../build/my_first_package/my_first_package.egg-info/SOURCES.txt'
[1.314s] writing manifest file '../../build/my_first_package/my_first_package.egg-info/SOURCES.txt'
[1.314s] running build
[1.314s] running build_py
[1.314s] running install
[1.314s] /usr/lib/python3/dist-packages/setuptools/command/install.py:34: SetuptoolsDeprecationWarning: setup.py install is deprecated. Use build and pip and other standards-based tools.
[1.315s]   warnings.warn(
[1.315s] running install_lib
[1.316s] running install_data
[1.317s] running install_egg_info
[1.319s] removing '/home/nippun/ros2_ws/install/my_first_package/lib/python3.10/site-packages/my_first_package-0.0.0-py3.10.egg-info' (and everything under it)
[1.320s] Copying ../../build/my_first_package/my_first_package.egg-info to /home/nippun/ros2_ws/install/my_first_package/lib/python3.10/site-packages/my_first_package-0.0.0-py3.10.egg-info
[1.321s] running install_scripts
[1.351s] Installing my_node script to /home/nippun/ros2_ws/install/my_first_package/lib/my_first_package
[1.351s] writing list of installed files to '/home/nippun/ros2_ws/build/my_first_package/install.log'
[1.389s] Invoked command in '/home/nippun/ros2_ws/src/my_first_package' returned '0': PYTHONPATH=/home/nippun/ros2_ws/install/my_first_package/lib/python3.10/site-packages:${PYTHONPATH} /usr/bin/python3 setup.py egg_info --egg-base ../../build/my_first_package build --build-base /home/nippun/ros2_ws/build/my_first_package/build install --prefix /home/nippun/ros2_ws/install/my_first_package --record /home/nippun/ros2_ws/build/my_first_package/install.log --single-version-externally-managed
