[0.909s] Invoking command in '/home/nippun/ros2_ws/src/my_first_package': PYTHONPATH=/home/nippun/ros2_ws/install/my_first_package/lib/python3.10/site-packages:${PYTHONPATH} /usr/bin/python3 setup.py egg_info --egg-base ../../build/my_first_package build --build-base /home/nippun/ros2_ws/build/my_first_package/build install --prefix /home/nippun/ros2_ws/install/my_first_package --record /home/nippun/ros2_ws/build/my_first_package/install.log --single-version-externally-managed
[1.266s] running egg_info
[1.267s] creating ../../build/my_first_package/my_first_package.egg-info
[1.268s] writing ../../build/my_first_package/my_first_package.egg-info/PKG-INFO
[1.268s] writing dependency_links to ../../build/my_first_package/my_first_package.egg-info/dependency_links.txt
[1.268s] writing entry points to ../../build/my_first_package/my_first_package.egg-info/entry_points.txt
[1.268s] writing requirements to ../../build/my_first_package/my_first_package.egg-info/requires.txt
[1.269s] writing top-level names to ../../build/my_first_package/my_first_package.egg-info/top_level.txt
[1.269s] writing manifest file '../../build/my_first_package/my_first_package.egg-info/SOURCES.txt'
[1.271s] reading manifest file '../../build/my_first_package/my_first_package.egg-info/SOURCES.txt'
[1.272s] writing manifest file '../../build/my_first_package/my_first_package.egg-info/SOURCES.txt'
[1.272s] running build
[1.272s] running build_py
[1.272s] creating /home/nippun/ros2_ws/build/my_first_package/build
[1.272s] creating /home/nippun/ros2_ws/build/my_first_package/build/lib
[1.273s] creating /home/nippun/ros2_ws/build/my_first_package/build/lib/my_first_package
[1.273s] copying my_first_package/__init__.py -> /home/nippun/ros2_ws/build/my_first_package/build/lib/my_first_package
[1.273s] copying my_first_package/my_node.py -> /home/nippun/ros2_ws/build/my_first_package/build/lib/my_first_package
[1.273s] running install
[1.273s] /usr/lib/python3/dist-packages/setuptools/command/install.py:34: SetuptoolsDeprecationWarning: setup.py install is deprecated. Use build and pip and other standards-based tools.
[1.273s]   warnings.warn(
[1.274s] running install_lib
[1.274s] creating /home/nippun/ros2_ws/install/my_first_package/lib/python3.10/site-packages/my_first_package
[1.275s] copying /home/nippun/ros2_ws/build/my_first_package/build/lib/my_first_package/__init__.py -> /home/nippun/ros2_ws/install/my_first_package/lib/python3.10/site-packages/my_first_package
[1.275s] copying /home/nippun/ros2_ws/build/my_first_package/build/lib/my_first_package/my_node.py -> /home/nippun/ros2_ws/install/my_first_package/lib/python3.10/site-packages/my_first_package
[1.275s] byte-compiling /home/nippun/ros2_ws/install/my_first_package/lib/python3.10/site-packages/my_first_package/__init__.py to __init__.cpython-310.pyc
[1.276s] byte-compiling /home/nippun/ros2_ws/install/my_first_package/lib/python3.10/site-packages/my_first_package/my_node.py to my_node.cpython-310.pyc
[1.276s] Sorry: IndentationError: expected an indented block after 'if' statement on line 2 (my_node.py, line 2)
[1.276s] running install_data
[1.277s] creating /home/nippun/ros2_ws/install/my_first_package/share/ament_index
[1.277s] creating /home/nippun/ros2_ws/install/my_first_package/share/ament_index/resource_index
[1.277s] creating /home/nippun/ros2_ws/install/my_first_package/share/ament_index/resource_index/packages
[1.277s] copying resource/my_first_package -> /home/nippun/ros2_ws/install/my_first_package/share/ament_index/resource_index/packages
[1.277s] copying package.xml -> /home/nippun/ros2_ws/install/my_first_package/share/my_first_package
[1.277s] running install_egg_info
[1.279s] Copying ../../build/my_first_package/my_first_package.egg-info to /home/nippun/ros2_ws/install/my_first_package/lib/python3.10/site-packages/my_first_package-0.0.0-py3.10.egg-info
[1.281s] running install_scripts
[1.308s] writing list of installed files to '/home/nippun/ros2_ws/build/my_first_package/install.log'
[1.351s] Invoked command in '/home/nippun/ros2_ws/src/my_first_package' returned '0': PYTHONPATH=/home/nippun/ros2_ws/install/my_first_package/lib/python3.10/site-packages:${PYTHONPATH} /usr/bin/python3 setup.py egg_info --egg-base ../../build/my_first_package build --build-base /home/nippun/ros2_ws/build/my_first_package/build install --prefix /home/nippun/ros2_ws/install/my_first_package --record /home/nippun/ros2_ws/build/my_first_package/install.log --single-version-externally-managed
